
*** Running vivado
    with args -log halfadd.vds -m64 -product Vivado -mode batch -messageDb vivado.pb -notrace -source halfadd.tcl


****** Vivado v2020.2 (64-bit)
  **** SW Build 3064766 on Wed Nov 18 09:12:47 MST 2020
  **** IP Build 3064653 on Wed Nov 18 14:17:31 MST 2020
    ** Copyright 1986-2020 Xilinx, Inc. All Rights Reserved.

source halfadd.tcl -notrace
create_project: Time (s): cpu = 00:00:02 ; elapsed = 00:00:06 . Memory (MB): peak = 2195.422 ; gain = 0.043 ; free physical = 678 ; free virtual = 1997
Command: synth_design -top halfadd -part xc7a100tcsg324-1
Starting synth_design
Attempting to get a license for feature 'Synthesis' and/or device 'xc7a100t'
INFO: [Common 17-349] Got license for feature 'Synthesis' and/or device 'xc7a100t'
INFO: [Synth 8-7079] Multithreading enabled for synth_design using a maximum of 4 processes.
INFO: [Synth 8-7078] Launching helper process for spawning children vivado processes
INFO: [Synth 8-7075] Helper process launched with PID 4016897
---------------------------------------------------------------------------------
Starting Synthesize : Time (s): cpu = 00:00:04 ; elapsed = 00:00:10 . Memory (MB): peak = 2195.594 ; gain = 0.000 ; free physical = 322 ; free virtual = 1731
---------------------------------------------------------------------------------
INFO: [Synth 8-638] synthesizing module 'halfadd' [/codeDrive/ECE238/Lab2/Lab2.srcs/sources_1/new/halfadd.vhd:39]
INFO: [Synth 8-256] done synthesizing module 'halfadd' (1#1) [/codeDrive/ECE238/Lab2/Lab2.srcs/sources_1/new/halfadd.vhd:39]
---------------------------------------------------------------------------------
Finished Synthesize : Time (s): cpu = 00:00:05 ; elapsed = 00:00:28 . Memory (MB): peak = 2195.594 ; gain = 0.000 ; free physical = 127 ; free virtual = 1475
---------------------------------------------------------------------------------
---------------------------------------------------------------------------------
Finished Constraint Validation : Time (s): cpu = 00:00:06 ; elapsed = 00:00:31 . Memory (MB): peak = 2195.594 ; gain = 0.000 ; free physical = 132 ; free virtual = 1314
---------------------------------------------------------------------------------
---------------------------------------------------------------------------------
Start Loading Part and Timing Information
---------------------------------------------------------------------------------
Loading part: xc7a100tcsg324-1
---------------------------------------------------------------------------------
INFO: [Device 21-403] Loading part xc7a100tcsg324-1
Finished Loading Part and Timing Information : Time (s): cpu = 00:00:06 ; elapsed = 00:00:32 . Memory (MB): peak = 2203.426 ; gain = 7.832 ; free physical = 133 ; free virtual = 1001
---------------------------------------------------------------------------------
---------------------------------------------------------------------------------
Finished RTL Optimization Phase 2 : Time (s): cpu = 00:00:06 ; elapsed = 00:00:40 . Memory (MB): peak = 2203.426 ; gain = 7.832 ; free physical = 729 ; free virtual = 1647
---------------------------------------------------------------------------------
No constraint files found.
---------------------------------------------------------------------------------
Start RTL Component Statistics 
---------------------------------------------------------------------------------
Detailed RTL Component Info : 
---------------------------------------------------------------------------------
Finished RTL Component Statistics 
---------------------------------------------------------------------------------
---------------------------------------------------------------------------------
Start Part Resource Summary
---------------------------------------------------------------------------------
Part Resources:
DSPs: 240 (col length:80)
BRAMs: 270 (col length: RAMB18 80 RAMB36 40)
---------------------------------------------------------------------------------
Finished Part Resource Summary
---------------------------------------------------------------------------------
No constraint files found.
---------------------------------------------------------------------------------
Start Cross Boundary and Area Optimization
---------------------------------------------------------------------------------
---------------------------------------------------------------------------------
Finished Cross Boundary and Area Optimization : Time (s): cpu = 00:00:11 ; elapsed = 00:00:54 . Memory (MB): peak = 2203.426 ; gain = 7.832 ; free physical = 461 ; free virtual = 1464
---------------------------------------------------------------------------------
No constraint files found.
---------------------------------------------------------------------------------
Start Timing Optimization
---------------------------------------------------------------------------------
---------------------------------------------------------------------------------
Finished Timing Optimization : Time (s): cpu = 00:00:11 ; elapsed = 00:00:54 . Memory (MB): peak = 2203.426 ; gain = 7.832 ; free physical = 455 ; free virtual = 1461
---------------------------------------------------------------------------------
---------------------------------------------------------------------------------
Start Technology Mapping
---------------------------------------------------------------------------------
---------------------------------------------------------------------------------
Finished Technology Mapping : Time (s): cpu = 00:00:11 ; elapsed = 00:00:55 . Memory (MB): peak = 2203.426 ; gain = 7.832 ; free physical = 454 ; free virtual = 1460
---------------------------------------------------------------------------------
---------------------------------------------------------------------------------
Start IO Insertion
---------------------------------------------------------------------------------
---------------------------------------------------------------------------------
Start Flattening Before IO Insertion
---------------------------------------------------------------------------------
---------------------------------------------------------------------------------
Finished Flattening Before IO Insertion
---------------------------------------------------------------------------------
---------------------------------------------------------------------------------
Start Final Netlist Cleanup
---------------------------------------------------------------------------------
---------------------------------------------------------------------------------
Finished Final Netlist Cleanup
---------------------------------------------------------------------------------
---------------------------------------------------------------------------------
Finished IO Insertion : Time (s): cpu = 00:00:14 ; elapsed = 00:00:57 . Memory (MB): peak = 2203.426 ; gain = 7.832 ; free physical = 440 ; free virtual = 1460
---------------------------------------------------------------------------------
---------------------------------------------------------------------------------
Start Renaming Generated Instances
---------------------------------------------------------------------------------
---------------------------------------------------------------------------------
Finished Renaming Generated Instances : Time (s): cpu = 00:00:14 ; elapsed = 00:00:57 . Memory (MB): peak = 2203.426 ; gain = 7.832 ; free physical = 440 ; free virtual = 1460
---------------------------------------------------------------------------------
---------------------------------------------------------------------------------
Start Rebuilding User Hierarchy
---------------------------------------------------------------------------------
---------------------------------------------------------------------------------
Finished Rebuilding User Hierarchy : Time (s): cpu = 00:00:14 ; elapsed = 00:00:58 . Memory (MB): peak = 2203.426 ; gain = 7.832 ; free physical = 439 ; free virtual = 1460
---------------------------------------------------------------------------------
---------------------------------------------------------------------------------
Start Renaming Generated Ports
---------------------------------------------------------------------------------
---------------------------------------------------------------------------------
Finished Renaming Generated Ports : Time (s): cpu = 00:00:14 ; elapsed = 00:00:58 . Memory (MB): peak = 2203.426 ; gain = 7.832 ; free physical = 439 ; free virtual = 1460
---------------------------------------------------------------------------------
---------------------------------------------------------------------------------
Start Handling Custom Attributes
---------------------------------------------------------------------------------
---------------------------------------------------------------------------------
Finished Handling Custom Attributes : Time (s): cpu = 00:00:14 ; elapsed = 00:00:58 . Memory (MB): peak = 2203.426 ; gain = 7.832 ; free physical = 439 ; free virtual = 1460
---------------------------------------------------------------------------------
---------------------------------------------------------------------------------
Start Renaming Generated Nets
---------------------------------------------------------------------------------
---------------------------------------------------------------------------------
Finished Renaming Generated Nets : Time (s): cpu = 00:00:14 ; elapsed = 00:00:58 . Memory (MB): peak = 2203.426 ; gain = 7.832 ; free physical = 439 ; free virtual = 1460
---------------------------------------------------------------------------------
---------------------------------------------------------------------------------
Start Writing Synthesis Report
---------------------------------------------------------------------------------

Report BlackBoxes: 
+-+--------------+----------+
| |BlackBox name |Instances |
+-+--------------+----------+
+-+--------------+----------+

Report Cell Usage: 
+------+-----+------+
|      |Cell |Count |
+------+-----+------+
|1     |LUT2 |     2|
|2     |IBUF |     2|
|3     |OBUF |     2|
+------+-----+------+

Report Instance Areas: 
+------+---------+-------+------+
|      |Instance |Module |Cells |
+------+---------+-------+------+
|1     |top      |       |     6|
+------+---------+-------+------+
---------------------------------------------------------------------------------
Finished Writing Synthesis Report : Time (s): cpu = 00:00:14 ; elapsed = 00:00:58 . Memory (MB): peak = 2203.426 ; gain = 7.832 ; free physical = 439 ; free virtual = 1460
---------------------------------------------------------------------------------
Synthesis finished with 0 errors, 0 critical warnings and 0 warnings.
Synthesis Optimization Runtime : Time (s): cpu = 00:00:14 ; elapsed = 00:00:58 . Memory (MB): peak = 2203.426 ; gain = 7.832 ; free physical = 436 ; free virtual = 1462
Synthesis Optimization Complete : Time (s): cpu = 00:00:14 ; elapsed = 00:00:58 . Memory (MB): peak = 2203.434 ; gain = 7.832 ; free physical = 425 ; free virtual = 1461
INFO: [Project 1-571] Translating synthesized netlist
Netlist sorting complete. Time (s): cpu = 00:00:00 ; elapsed = 00:00:00 . Memory (MB): peak = 2203.434 ; gain = 0.000 ; free physical = 338 ; free virtual = 1448
INFO: [Project 1-570] Preparing netlist for logic optimization
INFO: [Opt 31-138] Pushed 0 inverter(s) to 0 load pin(s).
Netlist sorting complete. Time (s): cpu = 00:00:00 ; elapsed = 00:00:00 . Memory (MB): peak = 2259.453 ; gain = 0.000 ; free physical = 267 ; free virtual = 1441
INFO: [Project 1-111] Unisim Transformation Summary:
No Unisim elements were transformed.

INFO: [Common 17-83] Releasing license: Synthesis
12 Infos, 0 Warnings, 0 Critical Warnings and 0 Errors encountered.
synth_design completed successfully
synth_design: Time (s): cpu = 00:00:23 ; elapsed = 00:01:15 . Memory (MB): peak = 2259.453 ; gain = 64.031 ; free physical = 403 ; free virtual = 1579
INFO: [Common 17-1381] The checkpoint '/codeDrive/ECE238/Lab2/Lab2.runs/synth_1/halfadd.dcp' has been generated.
INFO: [runtcl-4] Executing : report_utilization -file halfadd_utilization_synth.rpt -pb halfadd_utilization_synth.pb
INFO: [Common 17-206] Exiting Vivado at Thu Feb 18 17:20:20 2021...
