
*** Running vivado
    with args -log AND_3.vds -m64 -product Vivado -mode batch -messageDb vivado.pb -notrace -source AND_3.tcl


****** Vivado v2020.2 (64-bit)
  **** SW Build 3064766 on Wed Nov 18 09:12:47 MST 2020
  **** IP Build 3064653 on Wed Nov 18 14:17:31 MST 2020
    ** Copyright 1986-2020 Xilinx, Inc. All Rights Reserved.

source AND_3.tcl -notrace
Command: synth_design -top AND_3 -part xc7a100tcsg324-1
Starting synth_design
Attempting to get a license for feature 'Synthesis' and/or device 'xc7a100t'
INFO: [Common 17-349] Got license for feature 'Synthesis' and/or device 'xc7a100t'
INFO: [Synth 8-7079] Multithreading enabled for synth_design using a maximum of 4 processes.
INFO: [Synth 8-7078] Launching helper process for spawning children vivado processes
INFO: [Synth 8-7075] Helper process launched with PID 295119
---------------------------------------------------------------------------------
Starting Synthesize : Time (s): cpu = 00:00:05 ; elapsed = 00:00:11 . Memory (MB): peak = 2194.594 ; gain = 0.000 ; free physical = 262 ; free virtual = 1753
---------------------------------------------------------------------------------
INFO: [Synth 8-638] synthesizing module 'AND_3' [/codeDrive/ECE238/Lab0/AND_3/AND_3.srcs/sources_1/new/AND_3.vhd:39]
INFO: [Synth 8-256] done synthesizing module 'AND_3' (1#1) [/codeDrive/ECE238/Lab0/AND_3/AND_3.srcs/sources_1/new/AND_3.vhd:39]
---------------------------------------------------------------------------------
Finished Synthesize : Time (s): cpu = 00:00:06 ; elapsed = 00:00:41 . Memory (MB): peak = 2194.594 ; gain = 0.000 ; free physical = 143 ; free virtual = 1364
---------------------------------------------------------------------------------
---------------------------------------------------------------------------------
Finished Constraint Validation : Time (s): cpu = 00:00:07 ; elapsed = 00:00:44 . Memory (MB): peak = 2194.594 ; gain = 0.000 ; free physical = 117 ; free virtual = 1126
---------------------------------------------------------------------------------
---------------------------------------------------------------------------------
Start Loading Part and Timing Information
---------------------------------------------------------------------------------
Loading part: xc7a100tcsg324-1
---------------------------------------------------------------------------------
Finished Loading Part and Timing Information : Time (s): cpu = 00:00:07 ; elapsed = 00:00:44 . Memory (MB): peak = 2202.426 ; gain = 7.832 ; free physical = 140 ; free virtual = 862
INFO: [Device 21-403] Loading part xc7a100tcsg324-1
---------------------------------------------------------------------------------
---------------------------------------------------------------------------------
Finished RTL Optimization Phase 2 : Time (s): cpu = 00:00:07 ; elapsed = 00:00:50 . Memory (MB): peak = 2202.426 ; gain = 7.832 ; free physical = 636 ; free virtual = 1521
---------------------------------------------------------------------------------
No constraint files found.
---------------------------------------------------------------------------------
Start RTL Component Statistics 
---------------------------------------------------------------------------------
Detailed RTL Component Info : 
---------------------------------------------------------------------------------
Finished RTL Component Statistics 
---------------------------------------------------------------------------------
---------------------------------------------------------------------------------
Start Part Resource Summary
---------------------------------------------------------------------------------
Part Resources:
DSPs: 240 (col length:80)
BRAMs: 270 (col length: RAMB18 80 RAMB36 40)
---------------------------------------------------------------------------------
Finished Part Resource Summary
---------------------------------------------------------------------------------
No constraint files found.
---------------------------------------------------------------------------------
Start Cross Boundary and Area Optimization
---------------------------------------------------------------------------------
---------------------------------------------------------------------------------
Finished Cross Boundary and Area Optimization : Time (s): cpu = 00:00:11 ; elapsed = 00:01:07 . Memory (MB): peak = 2202.426 ; gain = 7.832 ; free physical = 258 ; free virtual = 1327
---------------------------------------------------------------------------------
No constraint files found.
---------------------------------------------------------------------------------
Start Timing Optimization
---------------------------------------------------------------------------------
---------------------------------------------------------------------------------
Finished Timing Optimization : Time (s): cpu = 00:00:12 ; elapsed = 00:01:07 . Memory (MB): peak = 2202.426 ; gain = 7.832 ; free physical = 253 ; free virtual = 1327
---------------------------------------------------------------------------------
---------------------------------------------------------------------------------
Start Technology Mapping
---------------------------------------------------------------------------------
---------------------------------------------------------------------------------
Finished Technology Mapping : Time (s): cpu = 00:00:12 ; elapsed = 00:01:07 . Memory (MB): peak = 2202.426 ; gain = 7.832 ; free physical = 252 ; free virtual = 1326
---------------------------------------------------------------------------------
---------------------------------------------------------------------------------
Start IO Insertion
---------------------------------------------------------------------------------
---------------------------------------------------------------------------------
Start Flattening Before IO Insertion
---------------------------------------------------------------------------------
---------------------------------------------------------------------------------
Finished Flattening Before IO Insertion
---------------------------------------------------------------------------------
---------------------------------------------------------------------------------
Start Final Netlist Cleanup
---------------------------------------------------------------------------------
---------------------------------------------------------------------------------
Finished Final Netlist Cleanup
---------------------------------------------------------------------------------
---------------------------------------------------------------------------------
Finished IO Insertion : Time (s): cpu = 00:00:16 ; elapsed = 00:01:12 . Memory (MB): peak = 2202.426 ; gain = 7.832 ; free physical = 236 ; free virtual = 1316
---------------------------------------------------------------------------------
---------------------------------------------------------------------------------
Start Renaming Generated Instances
---------------------------------------------------------------------------------
---------------------------------------------------------------------------------
Finished Renaming Generated Instances : Time (s): cpu = 00:00:16 ; elapsed = 00:01:12 . Memory (MB): peak = 2202.426 ; gain = 7.832 ; free physical = 236 ; free virtual = 1316
---------------------------------------------------------------------------------
---------------------------------------------------------------------------------
Start Rebuilding User Hierarchy
---------------------------------------------------------------------------------
---------------------------------------------------------------------------------
Finished Rebuilding User Hierarchy : Time (s): cpu = 00:00:16 ; elapsed = 00:01:12 . Memory (MB): peak = 2202.426 ; gain = 7.832 ; free physical = 234 ; free virtual = 1316
---------------------------------------------------------------------------------
---------------------------------------------------------------------------------
Start Renaming Generated Ports
---------------------------------------------------------------------------------
---------------------------------------------------------------------------------
Finished Renaming Generated Ports : Time (s): cpu = 00:00:16 ; elapsed = 00:01:12 . Memory (MB): peak = 2202.426 ; gain = 7.832 ; free physical = 234 ; free virtual = 1316
---------------------------------------------------------------------------------
---------------------------------------------------------------------------------
Start Handling Custom Attributes
---------------------------------------------------------------------------------
---------------------------------------------------------------------------------
Finished Handling Custom Attributes : Time (s): cpu = 00:00:16 ; elapsed = 00:01:12 . Memory (MB): peak = 2202.426 ; gain = 7.832 ; free physical = 234 ; free virtual = 1316
---------------------------------------------------------------------------------
---------------------------------------------------------------------------------
Start Renaming Generated Nets
---------------------------------------------------------------------------------
---------------------------------------------------------------------------------
Finished Renaming Generated Nets : Time (s): cpu = 00:00:16 ; elapsed = 00:01:12 . Memory (MB): peak = 2202.426 ; gain = 7.832 ; free physical = 234 ; free virtual = 1316
---------------------------------------------------------------------------------
---------------------------------------------------------------------------------
Start Writing Synthesis Report
---------------------------------------------------------------------------------

Report BlackBoxes: 
+-+--------------+----------+
| |BlackBox name |Instances |
+-+--------------+----------+
+-+--------------+----------+

Report Cell Usage: 
+------+-----+------+
|      |Cell |Count |
+------+-----+------+
|1     |LUT3 |     1|
|2     |IBUF |     3|
|3     |OBUF |     1|
+------+-----+------+

Report Instance Areas: 
+------+---------+-------+------+
|      |Instance |Module |Cells |
+------+---------+-------+------+
|1     |top      |       |     5|
+------+---------+-------+------+
---------------------------------------------------------------------------------
Finished Writing Synthesis Report : Time (s): cpu = 00:00:16 ; elapsed = 00:01:12 . Memory (MB): peak = 2202.426 ; gain = 7.832 ; free physical = 233 ; free virtual = 1316
---------------------------------------------------------------------------------
Synthesis finished with 0 errors, 0 critical warnings and 0 warnings.
Synthesis Optimization Runtime : Time (s): cpu = 00:00:16 ; elapsed = 00:01:12 . Memory (MB): peak = 2202.426 ; gain = 7.832 ; free physical = 232 ; free virtual = 1316
Synthesis Optimization Complete : Time (s): cpu = 00:00:16 ; elapsed = 00:01:12 . Memory (MB): peak = 2202.434 ; gain = 7.832 ; free physical = 230 ; free virtual = 1318
INFO: [Project 1-571] Translating synthesized netlist
Netlist sorting complete. Time (s): cpu = 00:00:00 ; elapsed = 00:00:00 . Memory (MB): peak = 2202.434 ; gain = 0.000 ; free physical = 129 ; free virtual = 1285
INFO: [Project 1-570] Preparing netlist for logic optimization
INFO: [Opt 31-138] Pushed 0 inverter(s) to 0 load pin(s).
Netlist sorting complete. Time (s): cpu = 00:00:00 ; elapsed = 00:00:00 . Memory (MB): peak = 2202.434 ; gain = 0.000 ; free physical = 132 ; free virtual = 1304
INFO: [Project 1-111] Unisim Transformation Summary:
No Unisim elements were transformed.

INFO: [Common 17-83] Releasing license: Synthesis
12 Infos, 0 Warnings, 0 Critical Warnings and 0 Errors encountered.
synth_design completed successfully
synth_design: Time (s): cpu = 00:00:25 ; elapsed = 00:01:27 . Memory (MB): peak = 2202.434 ; gain = 8.012 ; free physical = 266 ; free virtual = 1441
INFO: [Common 17-1381] The checkpoint '/codeDrive/ECE238/Lab0/AND_3/AND_3.runs/synth_1/AND_3.dcp' has been generated.
INFO: [runtcl-4] Executing : report_utilization -file AND_3_utilization_synth.rpt -pb AND_3_utilization_synth.pb
INFO: [Common 17-206] Exiting Vivado at Mon Feb  1 05:09:24 2021...
