
*** Running vivado
    with args -log LAB01A.vds -m64 -product Vivado -mode batch -messageDb vivado.pb -notrace -source LAB01A.tcl


****** Vivado v2020.2 (64-bit)
  **** SW Build 3064766 on Wed Nov 18 09:12:47 MST 2020
  **** IP Build 3064653 on Wed Nov 18 14:17:31 MST 2020
    ** Copyright 1986-2020 Xilinx, Inc. All Rights Reserved.

source LAB01A.tcl -notrace
create_project: Time (s): cpu = 00:00:02 ; elapsed = 00:00:06 . Memory (MB): peak = 2210.391 ; gain = 0.043 ; free physical = 562 ; free virtual = 1742
Command: synth_design -top LAB01A -part xc7a100tcsg324-1
Starting synth_design
Attempting to get a license for feature 'Synthesis' and/or device 'xc7a100t'
INFO: [Common 17-349] Got license for feature 'Synthesis' and/or device 'xc7a100t'
INFO: [Synth 8-7079] Multithreading enabled for synth_design using a maximum of 4 processes.
INFO: [Synth 8-7078] Launching helper process for spawning children vivado processes
INFO: [Synth 8-7075] Helper process launched with PID 139366
---------------------------------------------------------------------------------
Starting Synthesize : Time (s): cpu = 00:00:04 ; elapsed = 00:00:10 . Memory (MB): peak = 2210.562 ; gain = 0.000 ; free physical = 215 ; free virtual = 1477
---------------------------------------------------------------------------------
INFO: [Synth 8-638] synthesizing module 'LAB01A' [/codeDrive/ECE238/LAB1A/LAB1A.srcs/sources_1/new/LAB01A.vhd:39]
INFO: [Synth 8-256] done synthesizing module 'LAB01A' (1#1) [/codeDrive/ECE238/LAB1A/LAB1A.srcs/sources_1/new/LAB01A.vhd:39]
---------------------------------------------------------------------------------
Finished Synthesize : Time (s): cpu = 00:00:05 ; elapsed = 00:00:39 . Memory (MB): peak = 2210.562 ; gain = 0.000 ; free physical = 133 ; free virtual = 1210
---------------------------------------------------------------------------------
---------------------------------------------------------------------------------
Finished Constraint Validation : Time (s): cpu = 00:00:06 ; elapsed = 00:00:43 . Memory (MB): peak = 2210.562 ; gain = 0.000 ; free physical = 130 ; free virtual = 1036
---------------------------------------------------------------------------------
---------------------------------------------------------------------------------
Start Loading Part and Timing Information
---------------------------------------------------------------------------------
Loading part: xc7a100tcsg324-1
---------------------------------------------------------------------------------
INFO: [Device 21-403] Loading part xc7a100tcsg324-1
Finished Loading Part and Timing Information : Time (s): cpu = 00:00:06 ; elapsed = 00:00:45 . Memory (MB): peak = 2218.395 ; gain = 7.832 ; free physical = 532 ; free virtual = 1077
---------------------------------------------------------------------------------
---------------------------------------------------------------------------------
Finished RTL Optimization Phase 2 : Time (s): cpu = 00:00:06 ; elapsed = 00:01:01 . Memory (MB): peak = 2218.395 ; gain = 7.832 ; free physical = 496 ; free virtual = 1374
---------------------------------------------------------------------------------
No constraint files found.
---------------------------------------------------------------------------------
Start RTL Component Statistics 
---------------------------------------------------------------------------------
Detailed RTL Component Info : 
---------------------------------------------------------------------------------
Finished RTL Component Statistics 
---------------------------------------------------------------------------------
---------------------------------------------------------------------------------
Start Part Resource Summary
---------------------------------------------------------------------------------
Part Resources:
DSPs: 240 (col length:80)
BRAMs: 270 (col length: RAMB18 80 RAMB36 40)
---------------------------------------------------------------------------------
Finished Part Resource Summary
---------------------------------------------------------------------------------
No constraint files found.
---------------------------------------------------------------------------------
Start Cross Boundary and Area Optimization
---------------------------------------------------------------------------------
---------------------------------------------------------------------------------
Finished Cross Boundary and Area Optimization : Time (s): cpu = 00:00:11 ; elapsed = 00:01:16 . Memory (MB): peak = 2218.395 ; gain = 7.832 ; free physical = 275 ; free virtual = 1208
---------------------------------------------------------------------------------
No constraint files found.
---------------------------------------------------------------------------------
Start Timing Optimization
---------------------------------------------------------------------------------
---------------------------------------------------------------------------------
Finished Timing Optimization : Time (s): cpu = 00:00:11 ; elapsed = 00:01:16 . Memory (MB): peak = 2218.395 ; gain = 7.832 ; free physical = 272 ; free virtual = 1204
---------------------------------------------------------------------------------
---------------------------------------------------------------------------------
Start Technology Mapping
---------------------------------------------------------------------------------
---------------------------------------------------------------------------------
Finished Technology Mapping : Time (s): cpu = 00:00:11 ; elapsed = 00:01:16 . Memory (MB): peak = 2218.395 ; gain = 7.832 ; free physical = 271 ; free virtual = 1204
---------------------------------------------------------------------------------
---------------------------------------------------------------------------------
Start IO Insertion
---------------------------------------------------------------------------------
---------------------------------------------------------------------------------
Start Flattening Before IO Insertion
---------------------------------------------------------------------------------
---------------------------------------------------------------------------------
Finished Flattening Before IO Insertion
---------------------------------------------------------------------------------
---------------------------------------------------------------------------------
Start Final Netlist Cleanup
---------------------------------------------------------------------------------
---------------------------------------------------------------------------------
Finished Final Netlist Cleanup
---------------------------------------------------------------------------------
---------------------------------------------------------------------------------
Finished IO Insertion : Time (s): cpu = 00:00:14 ; elapsed = 00:01:19 . Memory (MB): peak = 2218.395 ; gain = 7.832 ; free physical = 269 ; free virtual = 1204
---------------------------------------------------------------------------------
---------------------------------------------------------------------------------
Start Renaming Generated Instances
---------------------------------------------------------------------------------
---------------------------------------------------------------------------------
Finished Renaming Generated Instances : Time (s): cpu = 00:00:14 ; elapsed = 00:01:19 . Memory (MB): peak = 2218.395 ; gain = 7.832 ; free physical = 269 ; free virtual = 1204
---------------------------------------------------------------------------------
---------------------------------------------------------------------------------
Start Rebuilding User Hierarchy
---------------------------------------------------------------------------------
---------------------------------------------------------------------------------
Finished Rebuilding User Hierarchy : Time (s): cpu = 00:00:14 ; elapsed = 00:01:19 . Memory (MB): peak = 2218.395 ; gain = 7.832 ; free physical = 268 ; free virtual = 1205
---------------------------------------------------------------------------------
---------------------------------------------------------------------------------
Start Renaming Generated Ports
---------------------------------------------------------------------------------
---------------------------------------------------------------------------------
Finished Renaming Generated Ports : Time (s): cpu = 00:00:14 ; elapsed = 00:01:19 . Memory (MB): peak = 2218.395 ; gain = 7.832 ; free physical = 268 ; free virtual = 1205
---------------------------------------------------------------------------------
---------------------------------------------------------------------------------
Start Handling Custom Attributes
---------------------------------------------------------------------------------
---------------------------------------------------------------------------------
Finished Handling Custom Attributes : Time (s): cpu = 00:00:14 ; elapsed = 00:01:19 . Memory (MB): peak = 2218.395 ; gain = 7.832 ; free physical = 268 ; free virtual = 1205
---------------------------------------------------------------------------------
---------------------------------------------------------------------------------
Start Renaming Generated Nets
---------------------------------------------------------------------------------
---------------------------------------------------------------------------------
Finished Renaming Generated Nets : Time (s): cpu = 00:00:14 ; elapsed = 00:01:19 . Memory (MB): peak = 2218.395 ; gain = 7.832 ; free physical = 268 ; free virtual = 1205
---------------------------------------------------------------------------------
---------------------------------------------------------------------------------
Start Writing Synthesis Report
---------------------------------------------------------------------------------

Report BlackBoxes: 
+-+--------------+----------+
| |BlackBox name |Instances |
+-+--------------+----------+
+-+--------------+----------+

Report Cell Usage: 
+------+-----+------+
|      |Cell |Count |
+------+-----+------+
|1     |LUT2 |     3|
|2     |IBUF |     2|
|3     |OBUF |     3|
+------+-----+------+

Report Instance Areas: 
+------+---------+-------+------+
|      |Instance |Module |Cells |
+------+---------+-------+------+
|1     |top      |       |     8|
+------+---------+-------+------+
---------------------------------------------------------------------------------
Finished Writing Synthesis Report : Time (s): cpu = 00:00:14 ; elapsed = 00:01:19 . Memory (MB): peak = 2218.395 ; gain = 7.832 ; free physical = 268 ; free virtual = 1205
---------------------------------------------------------------------------------
Synthesis finished with 0 errors, 0 critical warnings and 0 warnings.
Synthesis Optimization Runtime : Time (s): cpu = 00:00:14 ; elapsed = 00:01:20 . Memory (MB): peak = 2218.395 ; gain = 7.832 ; free physical = 269 ; free virtual = 1206
Synthesis Optimization Complete : Time (s): cpu = 00:00:14 ; elapsed = 00:01:20 . Memory (MB): peak = 2218.402 ; gain = 7.832 ; free physical = 272 ; free virtual = 1211
INFO: [Project 1-571] Translating synthesized netlist
Netlist sorting complete. Time (s): cpu = 00:00:00 ; elapsed = 00:00:00 . Memory (MB): peak = 2218.402 ; gain = 0.000 ; free physical = 186 ; free virtual = 1198
INFO: [Project 1-570] Preparing netlist for logic optimization
INFO: [Opt 31-138] Pushed 0 inverter(s) to 0 load pin(s).
Netlist sorting complete. Time (s): cpu = 00:00:00 ; elapsed = 00:00:00 . Memory (MB): peak = 2274.422 ; gain = 0.000 ; free physical = 127 ; free virtual = 1205
INFO: [Project 1-111] Unisim Transformation Summary:
No Unisim elements were transformed.

INFO: [Common 17-83] Releasing license: Synthesis
12 Infos, 0 Warnings, 0 Critical Warnings and 0 Errors encountered.
synth_design completed successfully
synth_design: Time (s): cpu = 00:00:24 ; elapsed = 00:01:40 . Memory (MB): peak = 2274.422 ; gain = 64.031 ; free physical = 261 ; free virtual = 1342
INFO: [Common 17-1381] The checkpoint '/codeDrive/ECE238/LAB1A/LAB1A.runs/synth_1/LAB01A.dcp' has been generated.
INFO: [runtcl-4] Executing : report_utilization -file LAB01A_utilization_synth.rpt -pb LAB01A_utilization_synth.pb
INFO: [Common 17-206] Exiting Vivado at Fri Feb 19 05:31:48 2021...
