
*** Running vivado
    with args -log LAB0B.vdi -applog -m64 -product Vivado -messageDb vivado.pb -mode batch -source LAB0B.tcl -notrace



****** Vivado v2020.2 (64-bit)
  **** SW Build 3064766 on Wed Nov 18 09:12:45 MST 2020
  **** IP Build 3064653 on Wed Nov 18 14:17:31 MST 2020
    ** Copyright 1986-2020 Xilinx, Inc. All Rights Reserved.

source LAB0B.tcl -notrace
Command: link_design -top LAB0B -part xc7a100tcsg324-1
Design is defaulting to srcset: sources_1
Design is defaulting to constrset: constrs_1
INFO: [Device 21-403] Loading part xc7a100tcsg324-1
Netlist sorting complete. Time (s): cpu = 00:00:00 ; elapsed = 00:00:00 . Memory (MB): peak = 1016.891 ; gain = 0.000
INFO: [Project 1-479] Netlist was created with Vivado 2020.2
INFO: [Project 1-570] Preparing netlist for logic optimization
Netlist sorting complete. Time (s): cpu = 00:00:00 ; elapsed = 00:00:00.001 . Memory (MB): peak = 1016.891 ; gain = 0.000
INFO: [Project 1-111] Unisim Transformation Summary:
No Unisim elements were transformed.

4 Infos, 0 Warnings, 0 Critical Warnings and 0 Errors encountered.
link_design completed successfully
link_design: Time (s): cpu = 00:00:07 ; elapsed = 00:00:10 . Memory (MB): peak = 1016.891 ; gain = 0.000
Command: opt_design
Attempting to get a license for feature 'Implementation' and/or device 'xc7a100t'
INFO: [Common 17-349] Got license for feature 'Implementation' and/or device 'xc7a100t'
Running DRC as a precondition to command opt_design

Starting DRC Task
INFO: [DRC 23-27] Running DRC with 2 threads
WARNING: [DRC RPBF-3] IO port buffering is incomplete: Device port F_XOR expects both input and output buffering but the buffers are incomplete.
INFO: [Project 1-461] DRC finished with 0 Errors, 1 Warnings
INFO: [Project 1-462] Please refer to the DRC report (report_drc) for more information.

Time (s): cpu = 00:00:01 ; elapsed = 00:00:00.690 . Memory (MB): peak = 1016.891 ; gain = 0.000

Starting Cache Timing Information Task
INFO: [Timing 38-35] Done setting XDC timing constraints.
Ending Cache Timing Information Task | Checksum: 727de39e

Time (s): cpu = 00:00:10 ; elapsed = 00:00:11 . Memory (MB): peak = 1307.535 ; gain = 290.645

Starting Logic Optimization Task

Phase 1 Retarget
INFO: [Opt 31-138] Pushed 0 inverter(s) to 0 load pin(s).
INFO: [Opt 31-49] Retargeted 0 cell(s).
Phase 1 Retarget | Checksum: 727de39e

Time (s): cpu = 00:00:00 ; elapsed = 00:00:00.032 . Memory (MB): peak = 1516.660 ; gain = 0.000
INFO: [Opt 31-389] Phase Retarget created 0 cells and removed 0 cells

Phase 2 Constant propagation
INFO: [Opt 31-138] Pushed 0 inverter(s) to 0 load pin(s).
Phase 2 Constant propagation | Checksum: 727de39e

Time (s): cpu = 00:00:00 ; elapsed = 00:00:00.034 . Memory (MB): peak = 1516.660 ; gain = 0.000
INFO: [Opt 31-389] Phase Constant propagation created 0 cells and removed 0 cells

Phase 3 Sweep
Phase 3 Sweep | Checksum: 727de39e

Time (s): cpu = 00:00:00 ; elapsed = 00:00:00.035 . Memory (MB): peak = 1516.660 ; gain = 0.000
INFO: [Opt 31-389] Phase Sweep created 0 cells and removed 0 cells

Phase 4 BUFG optimization
Phase 4 BUFG optimization | Checksum: 727de39e

Time (s): cpu = 00:00:00 ; elapsed = 00:00:00.037 . Memory (MB): peak = 1516.660 ; gain = 0.000
INFO: [Opt 31-662] Phase BUFG optimization created 0 cells of which 0 are BUFGs and removed 0 cells.

Phase 5 Shift Register Optimization
INFO: [Opt 31-1064] SRL Remap converted 0 SRLs to 0 registers and converted 0 registers of register chains to 0 SRLs
Phase 5 Shift Register Optimization | Checksum: 727de39e

Time (s): cpu = 00:00:00 ; elapsed = 00:00:00.038 . Memory (MB): peak = 1516.660 ; gain = 0.000
INFO: [Opt 31-389] Phase Shift Register Optimization created 0 cells and removed 0 cells

Phase 6 Post Processing Netlist
Phase 6 Post Processing Netlist | Checksum: 727de39e

Time (s): cpu = 00:00:00 ; elapsed = 00:00:00.039 . Memory (MB): peak = 1516.660 ; gain = 0.000
INFO: [Opt 31-389] Phase Post Processing Netlist created 0 cells and removed 0 cells
Opt_design Change Summary
=========================


-------------------------------------------------------------------------------------------------------------------------
|  Phase                        |  #Cells created  |  #Cells Removed  |  #Constrained objects preventing optimizations  |
-------------------------------------------------------------------------------------------------------------------------
|  Retarget                     |               0  |               0  |                                              0  |
|  Constant propagation         |               0  |               0  |                                              0  |
|  Sweep                        |               0  |               0  |                                              0  |
|  BUFG optimization            |               0  |               0  |                                              0  |
|  Shift Register Optimization  |               0  |               0  |                                              0  |
|  Post Processing Netlist      |               0  |               0  |                                              0  |
-------------------------------------------------------------------------------------------------------------------------



Starting Connectivity Check Task

Time (s): cpu = 00:00:00 ; elapsed = 00:00:00.001 . Memory (MB): peak = 1516.660 ; gain = 0.000
Ending Logic Optimization Task | Checksum: 727de39e

Time (s): cpu = 00:00:00 ; elapsed = 00:00:00.041 . Memory (MB): peak = 1516.660 ; gain = 0.000

Starting Power Optimization Task
INFO: [Pwropt 34-132] Skipping clock gating for clocks with a period < 2.00 ns.
Ending Power Optimization Task | Checksum: 727de39e

Time (s): cpu = 00:00:00 ; elapsed = 00:00:00.011 . Memory (MB): peak = 1516.660 ; gain = 0.000

Starting Final Cleanup Task
Ending Final Cleanup Task | Checksum: 727de39e

Time (s): cpu = 00:00:00 ; elapsed = 00:00:00 . Memory (MB): peak = 1516.660 ; gain = 0.000

Starting Netlist Obfuscation Task
Netlist sorting complete. Time (s): cpu = 00:00:00 ; elapsed = 00:00:00 . Memory (MB): peak = 1516.660 ; gain = 0.000
Ending Netlist Obfuscation Task | Checksum: 727de39e

Time (s): cpu = 00:00:00 ; elapsed = 00:00:00 . Memory (MB): peak = 1516.660 ; gain = 0.000
INFO: [Common 17-83] Releasing license: Implementation
21 Infos, 1 Warnings, 0 Critical Warnings and 0 Errors encountered.
opt_design completed successfully
opt_design: Time (s): cpu = 00:00:13 ; elapsed = 00:00:14 . Memory (MB): peak = 1516.660 ; gain = 499.770
INFO: [Common 17-1381] The checkpoint 'C:/Repo/ECE238/LAB0B/LAB0B.runs/impl_1/LAB0B_opt.dcp' has been generated.
INFO: [runtcl-4] Executing : report_drc -file LAB0B_drc_opted.rpt -pb LAB0B_drc_opted.pb -rpx LAB0B_drc_opted.rpx
Command: report_drc -file LAB0B_drc_opted.rpt -pb LAB0B_drc_opted.pb -rpx LAB0B_drc_opted.rpx
INFO: [IP_Flow 19-234] Refreshing IP repositories
INFO: [IP_Flow 19-1704] No user IP repositories specified
INFO: [IP_Flow 19-2313] Loaded Vivado IP repository 'C:/Xilinx/Vivado/2020.2/data/ip'.
INFO: [Timing 38-35] Done setting XDC timing constraints.
INFO: [DRC 23-27] Running DRC with 2 threads
INFO: [Coretcl 2-168] The results of DRC are in file C:/Repo/ECE238/LAB0B/LAB0B.runs/impl_1/LAB0B_drc_opted.rpt.
report_drc completed successfully
Command: place_design
Attempting to get a license for feature 'Implementation' and/or device 'xc7a100t'
INFO: [Common 17-349] Got license for feature 'Implementation' and/or device 'xc7a100t'
INFO: [DRC 23-27] Running DRC with 2 threads
INFO: [Vivado_Tcl 4-198] DRC finished with 0 Errors
INFO: [Vivado_Tcl 4-199] Please refer to the DRC report (report_drc) for more information.
Running DRC as a precondition to command place_design
INFO: [DRC 23-27] Running DRC with 2 threads
WARNING: [DRC RPBF-3] IO port buffering is incomplete: Device port F_XOR expects both input and output buffering but the buffers are incomplete.
INFO: [Vivado_Tcl 4-198] DRC finished with 0 Errors, 1 Warnings
INFO: [Vivado_Tcl 4-199] Please refer to the DRC report (report_drc) for more information.

Starting Placer Task
INFO: [Place 30-611] Multithreading enabled for place_design using a maximum of 2 CPUs

Phase 1 Placer Initialization

Phase 1.1 Placer Initialization Netlist Sorting
Netlist sorting complete. Time (s): cpu = 00:00:00 ; elapsed = 00:00:00 . Memory (MB): peak = 1559.586 ; gain = 0.000
Phase 1.1 Placer Initialization Netlist Sorting | Checksum: 14c6cd63

Time (s): cpu = 00:00:00 ; elapsed = 00:00:00.008 . Memory (MB): peak = 1559.586 ; gain = 0.000
Netlist sorting complete. Time (s): cpu = 00:00:00 ; elapsed = 00:00:00 . Memory (MB): peak = 1559.586 ; gain = 0.000

Phase 1.2 IO Placement/ Clock Placement/ Build Placer Device
Phase 1.2 IO Placement/ Clock Placement/ Build Placer Device | Checksum: 744e3242

Time (s): cpu = 00:00:01 ; elapsed = 00:00:00.113 . Memory (MB): peak = 1559.586 ; gain = 0.000

Phase 1.3 Build Placer Netlist Model
Phase 1.3 Build Placer Netlist Model | Checksum: ed884b5d

Time (s): cpu = 00:00:01 ; elapsed = 00:00:00.156 . Memory (MB): peak = 1559.586 ; gain = 0.000

Phase 1.4 Constrain Clocks/Macros
Phase 1.4 Constrain Clocks/Macros | Checksum: ed884b5d

Time (s): cpu = 00:00:01 ; elapsed = 00:00:00.159 . Memory (MB): peak = 1559.586 ; gain = 0.000
Phase 1 Placer Initialization | Checksum: ed884b5d

Time (s): cpu = 00:00:01 ; elapsed = 00:00:00.162 . Memory (MB): peak = 1559.586 ; gain = 0.000

Phase 2 Global Placement

Phase 2.1 Floorplanning
Phase 2.1 Floorplanning | Checksum: ed884b5d

Time (s): cpu = 00:00:01 ; elapsed = 00:00:00.165 . Memory (MB): peak = 1559.586 ; gain = 0.000

Phase 2.2 Update Timing before SLR Path Opt
Phase 2.2 Update Timing before SLR Path Opt | Checksum: ed884b5d

Time (s): cpu = 00:00:01 ; elapsed = 00:00:00.165 . Memory (MB): peak = 1559.586 ; gain = 0.000

Phase 2.3 Global Placement Core
WARNING: [Place 46-29] place_design is not in timing mode. Skip physical synthesis in placer
Phase 2.3 Global Placement Core | Checksum: 1453f2948

Time (s): cpu = 00:00:02 ; elapsed = 00:00:00.684 . Memory (MB): peak = 1559.586 ; gain = 0.000
Phase 2 Global Placement | Checksum: 1453f2948

Time (s): cpu = 00:00:02 ; elapsed = 00:00:00.687 . Memory (MB): peak = 1559.586 ; gain = 0.000

Phase 3 Detail Placement

Phase 3.1 Commit Multi Column Macros
Phase 3.1 Commit Multi Column Macros | Checksum: 1453f2948

Time (s): cpu = 00:00:02 ; elapsed = 00:00:00.689 . Memory (MB): peak = 1559.586 ; gain = 0.000

Phase 3.2 Commit Most Macros & LUTRAMs
Phase 3.2 Commit Most Macros & LUTRAMs | Checksum: 105b62dc7

Time (s): cpu = 00:00:02 ; elapsed = 00:00:00.696 . Memory (MB): peak = 1559.586 ; gain = 0.000

Phase 3.3 Area Swap Optimization
Phase 3.3 Area Swap Optimization | Checksum: 11c19fa1a

Time (s): cpu = 00:00:02 ; elapsed = 00:00:00.704 . Memory (MB): peak = 1559.586 ; gain = 0.000

Phase 3.4 Pipeline Register Optimization
Phase 3.4 Pipeline Register Optimization | Checksum: 11c19fa1a

Time (s): cpu = 00:00:02 ; elapsed = 00:00:00.705 . Memory (MB): peak = 1559.586 ; gain = 0.000

Phase 3.5 Small Shape Detail Placement
Phase 3.5 Small Shape Detail Placement | Checksum: 1127150eb

Time (s): cpu = 00:00:02 ; elapsed = 00:00:00.884 . Memory (MB): peak = 1559.586 ; gain = 0.000

Phase 3.6 Re-assign LUT pins
Phase 3.6 Re-assign LUT pins | Checksum: 1127150eb

Time (s): cpu = 00:00:02 ; elapsed = 00:00:00.885 . Memory (MB): peak = 1559.586 ; gain = 0.000

Phase 3.7 Pipeline Register Optimization
Phase 3.7 Pipeline Register Optimization | Checksum: 1127150eb

Time (s): cpu = 00:00:02 ; elapsed = 00:00:00.886 . Memory (MB): peak = 1559.586 ; gain = 0.000
Phase 3 Detail Placement | Checksum: 1127150eb

Time (s): cpu = 00:00:02 ; elapsed = 00:00:00.887 . Memory (MB): peak = 1559.586 ; gain = 0.000

Phase 4 Post Placement Optimization and Clean-Up

Phase 4.1 Post Commit Optimization
Phase 4.1 Post Commit Optimization | Checksum: 1127150eb

Time (s): cpu = 00:00:02 ; elapsed = 00:00:00.890 . Memory (MB): peak = 1559.586 ; gain = 0.000

Phase 4.2 Post Placement Cleanup
Phase 4.2 Post Placement Cleanup | Checksum: 1127150eb

Time (s): cpu = 00:00:02 ; elapsed = 00:00:00.893 . Memory (MB): peak = 1559.586 ; gain = 0.000

Phase 4.3 Placer Reporting

Phase 4.3.1 Print Estimated Congestion
INFO: [Place 30-612] Post-Placement Estimated Congestion 
 ____________________________________________________
|           | Global Congestion | Short Congestion  |
| Direction | Region Size       | Region Size       |
|___________|___________________|___________________|
|      North|                1x1|                1x1|
|___________|___________________|___________________|
|      South|                1x1|                1x1|
|___________|___________________|___________________|
|       East|                1x1|                1x1|
|___________|___________________|___________________|
|       West|                1x1|                1x1|
|___________|___________________|___________________|

Phase 4.3.1 Print Estimated Congestion | Checksum: 1127150eb

Time (s): cpu = 00:00:02 ; elapsed = 00:00:00.894 . Memory (MB): peak = 1559.586 ; gain = 0.000
Phase 4.3 Placer Reporting | Checksum: 1127150eb

Time (s): cpu = 00:00:02 ; elapsed = 00:00:00.894 . Memory (MB): peak = 1559.586 ; gain = 0.000

Phase 4.4 Final Placement Cleanup
Netlist sorting complete. Time (s): cpu = 00:00:00 ; elapsed = 00:00:00 . Memory (MB): peak = 1559.586 ; gain = 0.000

Time (s): cpu = 00:00:02 ; elapsed = 00:00:00.895 . Memory (MB): peak = 1559.586 ; gain = 0.000
Phase 4 Post Placement Optimization and Clean-Up | Checksum: 1127150eb

Time (s): cpu = 00:00:02 ; elapsed = 00:00:00.896 . Memory (MB): peak = 1559.586 ; gain = 0.000
Ending Placer Task | Checksum: 7a491a5d

Time (s): cpu = 00:00:02 ; elapsed = 00:00:00.896 . Memory (MB): peak = 1559.586 ; gain = 0.000
INFO: [Common 17-83] Releasing license: Implementation
39 Infos, 3 Warnings, 0 Critical Warnings and 0 Errors encountered.
place_design completed successfully
Writing placer database...
Writing XDEF routing.
Writing XDEF routing logical nets.
Writing XDEF routing special nets.
Write XDEF Complete: Time (s): cpu = 00:00:00 ; elapsed = 00:00:00.122 . Memory (MB): peak = 1559.586 ; gain = 0.000
INFO: [Common 17-1381] The checkpoint 'C:/Repo/ECE238/LAB0B/LAB0B.runs/impl_1/LAB0B_placed.dcp' has been generated.
INFO: [runtcl-4] Executing : report_io -file LAB0B_io_placed.rpt
report_io: Time (s): cpu = 00:00:00 ; elapsed = 00:00:00.036 . Memory (MB): peak = 1559.586 ; gain = 0.000
INFO: [runtcl-4] Executing : report_utilization -file LAB0B_utilization_placed.rpt -pb LAB0B_utilization_placed.pb
INFO: [runtcl-4] Executing : report_control_sets -verbose -file LAB0B_control_sets_placed.rpt
report_control_sets: Time (s): cpu = 00:00:00 ; elapsed = 00:00:00.001 . Memory (MB): peak = 1559.586 ; gain = 0.000
Command: phys_opt_design
Attempting to get a license for feature 'Implementation' and/or device 'xc7a100t'
INFO: [Common 17-349] Got license for feature 'Implementation' and/or device 'xc7a100t'
INFO: [Vivado_Tcl 4-235] No timing constraint found. The netlist was not modified.
INFO: [Common 17-83] Releasing license: Implementation
46 Infos, 3 Warnings, 0 Critical Warnings and 0 Errors encountered.
phys_opt_design completed successfully
Writing placer database...
Writing XDEF routing.
Writing XDEF routing logical nets.
Writing XDEF routing special nets.
Write XDEF Complete: Time (s): cpu = 00:00:00 ; elapsed = 00:00:00.038 . Memory (MB): peak = 1565.645 ; gain = 6.059
INFO: [Common 17-1381] The checkpoint 'C:/Repo/ECE238/LAB0B/LAB0B.runs/impl_1/LAB0B_physopt.dcp' has been generated.
Command: route_design
Attempting to get a license for feature 'Implementation' and/or device 'xc7a100t'
INFO: [Common 17-349] Got license for feature 'Implementation' and/or device 'xc7a100t'
Running DRC as a precondition to command route_design
INFO: [DRC 23-27] Running DRC with 2 threads
INFO: [Vivado_Tcl 4-198] DRC finished with 0 Errors
INFO: [Vivado_Tcl 4-199] Please refer to the DRC report (report_drc) for more information.


Starting Routing Task
INFO: [Route 35-254] Multithreading enabled for route_design using a maximum of 2 CPUs
Checksum: PlaceDB: 65824cfa ConstDB: 0 ShapeSum: 14c6cd63 RouteDB: 0

Phase 1 Build RT Design
Phase 1 Build RT Design | Checksum: ed35ec2d

Time (s): cpu = 00:00:34 ; elapsed = 00:00:30 . Memory (MB): peak = 1692.309 ; gain = 117.645
Post Restoration Checksum: NetGraph: a4516f26 NumContArr: 48e47d07 Constraints: 0 Timing: 0

Phase 2 Router Initialization
INFO: [Route 35-64] No timing constraints were detected. The router will operate in resource-optimization mode.

Phase 2.1 Fix Topology Constraints
Phase 2.1 Fix Topology Constraints | Checksum: ed35ec2d

Time (s): cpu = 00:00:34 ; elapsed = 00:00:30 . Memory (MB): peak = 1698.289 ; gain = 123.625

Phase 2.2 Pre Route Cleanup
Phase 2.2 Pre Route Cleanup | Checksum: ed35ec2d

Time (s): cpu = 00:00:34 ; elapsed = 00:00:30 . Memory (MB): peak = 1698.289 ; gain = 123.625
 Number of Nodes with overlaps = 0
Phase 2 Router Initialization | Checksum: 6cf9271c

Time (s): cpu = 00:00:34 ; elapsed = 00:00:30 . Memory (MB): peak = 1711.285 ; gain = 136.621

Router Utilization Summary
  Global Vertical Routing Utilization    = 0 %
  Global Horizontal Routing Utilization  = 0 %
  Routable Net Status*
  *Does not include unroutable nets such as driverless and loadless.
  Run report_route_status for detailed report.
  Number of Failed Nets               = 6
    (Failed Nets is the sum of unrouted and partially routed nets)
  Number of Unrouted Nets             = 6
  Number of Partially Routed Nets     = 0
  Number of Node Overlaps             = 0


Phase 3 Initial Routing

Phase 3.1 Global Routing
Phase 3.1 Global Routing | Checksum: 6cf9271c

Time (s): cpu = 00:00:34 ; elapsed = 00:00:30 . Memory (MB): peak = 1713.672 ; gain = 139.008
Phase 3 Initial Routing | Checksum: 96720294

Time (s): cpu = 00:00:34 ; elapsed = 00:00:30 . Memory (MB): peak = 1713.672 ; gain = 139.008

Phase 4 Rip-up And Reroute

Phase 4.1 Global Iteration 0
 Number of Nodes with overlaps = 0
Phase 4.1 Global Iteration 0 | Checksum: 16ac4441d

Time (s): cpu = 00:00:34 ; elapsed = 00:00:30 . Memory (MB): peak = 1713.672 ; gain = 139.008
Phase 4 Rip-up And Reroute | Checksum: 16ac4441d

Time (s): cpu = 00:00:34 ; elapsed = 00:00:30 . Memory (MB): peak = 1713.672 ; gain = 139.008

Phase 5 Delay and Skew Optimization
Phase 5 Delay and Skew Optimization | Checksum: 16ac4441d

Time (s): cpu = 00:00:34 ; elapsed = 00:00:30 . Memory (MB): peak = 1713.672 ; gain = 139.008

Phase 6 Post Hold Fix

Phase 6.1 Hold Fix Iter
Phase 6.1 Hold Fix Iter | Checksum: 16ac4441d

Time (s): cpu = 00:00:34 ; elapsed = 00:00:30 . Memory (MB): peak = 1713.672 ; gain = 139.008
Phase 6 Post Hold Fix | Checksum: 16ac4441d

Time (s): cpu = 00:00:34 ; elapsed = 00:00:30 . Memory (MB): peak = 1713.672 ; gain = 139.008

Phase 7 Route finalize

Router Utilization Summary
  Global Vertical Routing Utilization    = 0.000435218 %
  Global Horizontal Routing Utilization  = 0.00106564 %
  Routable Net Status*
  *Does not include unroutable nets such as driverless and loadless.
  Run report_route_status for detailed report.
  Number of Failed Nets               = 0
    (Failed Nets is the sum of unrouted and partially routed nets)
  Number of Unrouted Nets             = 0
  Number of Partially Routed Nets     = 0
  Number of Node Overlaps             = 0

Congestion Report
North Dir 1x1 Area, Max Cong = 0.900901%, No Congested Regions.
South Dir 1x1 Area, Max Cong = 2.7027%, No Congested Regions.
East Dir 1x1 Area, Max Cong = 2.94118%, No Congested Regions.
West Dir 1x1 Area, Max Cong = 4.41176%, No Congested Regions.

------------------------------
Reporting congestion hotspots
------------------------------
Direction: North
----------------
Congested clusters found at Level 0
Effective congestion level: 0 Aspect Ratio: 1 Sparse Ratio: 0
Direction: South
----------------
Congested clusters found at Level 0
Effective congestion level: 0 Aspect Ratio: 1 Sparse Ratio: 0
Direction: East
----------------
Congested clusters found at Level 0
Effective congestion level: 0 Aspect Ratio: 1 Sparse Ratio: 0
Direction: West
----------------
Congested clusters found at Level 0
Effective congestion level: 0 Aspect Ratio: 1 Sparse Ratio: 0

Phase 7 Route finalize | Checksum: 16ac4441d

Time (s): cpu = 00:00:34 ; elapsed = 00:00:30 . Memory (MB): peak = 1713.672 ; gain = 139.008

Phase 8 Verifying routed nets

 Verification completed successfully
Phase 8 Verifying routed nets | Checksum: 16ac4441d

Time (s): cpu = 00:00:34 ; elapsed = 00:00:30 . Memory (MB): peak = 1713.672 ; gain = 139.008

Phase 9 Depositing Routes
Phase 9 Depositing Routes | Checksum: 14f357ce1

Time (s): cpu = 00:00:34 ; elapsed = 00:00:30 . Memory (MB): peak = 1713.672 ; gain = 139.008
INFO: [Route 35-16] Router Completed Successfully

Time (s): cpu = 00:00:34 ; elapsed = 00:00:30 . Memory (MB): peak = 1713.672 ; gain = 139.008

Routing Is Done.
INFO: [Common 17-83] Releasing license: Implementation
55 Infos, 3 Warnings, 0 Critical Warnings and 0 Errors encountered.
route_design completed successfully
route_design: Time (s): cpu = 00:00:35 ; elapsed = 00:00:31 . Memory (MB): peak = 1713.672 ; gain = 148.027
Writing placer database...
Writing XDEF routing.
Writing XDEF routing logical nets.
Writing XDEF routing special nets.
Write XDEF Complete: Time (s): cpu = 00:00:00 ; elapsed = 00:00:00.039 . Memory (MB): peak = 1723.211 ; gain = 9.539
INFO: [Common 17-1381] The checkpoint 'C:/Repo/ECE238/LAB0B/LAB0B.runs/impl_1/LAB0B_routed.dcp' has been generated.
INFO: [runtcl-4] Executing : report_drc -file LAB0B_drc_routed.rpt -pb LAB0B_drc_routed.pb -rpx LAB0B_drc_routed.rpx
Command: report_drc -file LAB0B_drc_routed.rpt -pb LAB0B_drc_routed.pb -rpx LAB0B_drc_routed.rpx
INFO: [IP_Flow 19-1839] IP Catalog is up to date.
INFO: [DRC 23-27] Running DRC with 2 threads
INFO: [Coretcl 2-168] The results of DRC are in file C:/Repo/ECE238/LAB0B/LAB0B.runs/impl_1/LAB0B_drc_routed.rpt.
report_drc completed successfully
INFO: [runtcl-4] Executing : report_methodology -file LAB0B_methodology_drc_routed.rpt -pb LAB0B_methodology_drc_routed.pb -rpx LAB0B_methodology_drc_routed.rpx
Command: report_methodology -file LAB0B_methodology_drc_routed.rpt -pb LAB0B_methodology_drc_routed.pb -rpx LAB0B_methodology_drc_routed.rpx
INFO: [Timing 38-35] Done setting XDC timing constraints.
INFO: [DRC 23-133] Running Methodology with 2 threads
INFO: [Coretcl 2-1520] The results of Report Methodology are in file C:/Repo/ECE238/LAB0B/LAB0B.runs/impl_1/LAB0B_methodology_drc_routed.rpt.
report_methodology completed successfully
INFO: [runtcl-4] Executing : report_power -file LAB0B_power_routed.rpt -pb LAB0B_power_summary_routed.pb -rpx LAB0B_power_routed.rpx
Command: report_power -file LAB0B_power_routed.rpt -pb LAB0B_power_summary_routed.pb -rpx LAB0B_power_routed.rpx
INFO: [Timing 38-35] Done setting XDC timing constraints.
WARNING: [Power 33-232] No user defined clocks were found in the design! Power estimation will be inaccurate until this is corrected.
Resolution: Please specify clocks using create_clock/create_generated_clock for sequential elements. For pure combinatorial circuits, please specify a virtual clock, otherwise the vectorless estimation might be inaccurate
Running Vector-less Activity Propagation...

Finished Running Vector-less Activity Propagation
66 Infos, 4 Warnings, 0 Critical Warnings and 0 Errors encountered.
report_power completed successfully
INFO: [runtcl-4] Executing : report_route_status -file LAB0B_route_status.rpt -pb LAB0B_route_status.pb
INFO: [runtcl-4] Executing : report_timing_summary -max_paths 10 -file LAB0B_timing_summary_routed.rpt -pb LAB0B_timing_summary_routed.pb -rpx LAB0B_timing_summary_routed.rpx -warn_on_violation 
INFO: [Timing 38-91] UpdateTimingParams: Speed grade: -1, Delay Type: min_max.
INFO: [Timing 38-191] Multithreading enabled for timing update using a maximum of 2 CPUs
WARNING: [Timing 38-313] There are no user specified timing constraints. Timing constraints are needed for proper timing analysis.
INFO: [runtcl-4] Executing : report_incremental_reuse -file LAB0B_incremental_reuse_routed.rpt
INFO: [Vivado_Tcl 4-1062] Incremental flow is disabled. No incremental reuse Info to report.
INFO: [runtcl-4] Executing : report_clock_utilization -file LAB0B_clock_utilization_routed.rpt
INFO: [runtcl-4] Executing : report_bus_skew -warn_on_violation -file LAB0B_bus_skew_routed.rpt -pb LAB0B_bus_skew_routed.pb -rpx LAB0B_bus_skew_routed.rpx
INFO: [Timing 38-91] UpdateTimingParams: Speed grade: -1, Delay Type: min_max.
INFO: [Timing 38-191] Multithreading enabled for timing update using a maximum of 2 CPUs
INFO: [Common 17-206] Exiting Vivado at Fri Feb  5 21:09:46 2021...
