
*** Running vivado
    with args -log LAB1B.vds -m64 -product Vivado -mode batch -messageDb vivado.pb -notrace -source LAB1B.tcl


****** Vivado v2020.2 (64-bit)
  **** SW Build 3064766 on Wed Nov 18 09:12:47 MST 2020
  **** IP Build 3064653 on Wed Nov 18 14:17:31 MST 2020
    ** Copyright 1986-2020 Xilinx, Inc. All Rights Reserved.

source LAB1B.tcl -notrace
create_project: Time (s): cpu = 00:00:02 ; elapsed = 00:00:15 . Memory (MB): peak = 2196.387 ; gain = 0.043 ; free physical = 654 ; free virtual = 1736
Command: synth_design -top LAB1B -part xc7a100tcsg324-1
Starting synth_design
Attempting to get a license for feature 'Synthesis' and/or device 'xc7a100t'
INFO: [Common 17-349] Got license for feature 'Synthesis' and/or device 'xc7a100t'
INFO: [Synth 8-7079] Multithreading enabled for synth_design using a maximum of 4 processes.
INFO: [Synth 8-7078] Launching helper process for spawning children vivado processes
INFO: [Synth 8-7075] Helper process launched with PID 152758
---------------------------------------------------------------------------------
Starting Synthesize : Time (s): cpu = 00:00:04 ; elapsed = 00:00:16 . Memory (MB): peak = 2196.559 ; gain = 0.000 ; free physical = 341 ; free virtual = 1480
---------------------------------------------------------------------------------
INFO: [Synth 8-638] synthesizing module 'LAB1B' [/codeDrive/ECE238/projLab1B/projLab1B.srcs/sources_1/new/Lab1B.vhd:11]
INFO: [Synth 8-256] done synthesizing module 'LAB1B' (1#1) [/codeDrive/ECE238/projLab1B/projLab1B.srcs/sources_1/new/Lab1B.vhd:11]
---------------------------------------------------------------------------------
Finished Synthesize : Time (s): cpu = 00:00:05 ; elapsed = 00:00:21 . Memory (MB): peak = 2196.559 ; gain = 0.000 ; free physical = 327 ; free virtual = 1513
---------------------------------------------------------------------------------
---------------------------------------------------------------------------------
Finished Constraint Validation : Time (s): cpu = 00:00:06 ; elapsed = 00:00:22 . Memory (MB): peak = 2196.559 ; gain = 0.000 ; free physical = 293 ; free virtual = 1504
---------------------------------------------------------------------------------
---------------------------------------------------------------------------------
Start Loading Part and Timing Information
---------------------------------------------------------------------------------
Loading part: xc7a100tcsg324-1
---------------------------------------------------------------------------------
INFO: [Device 21-403] Loading part xc7a100tcsg324-1
Finished Loading Part and Timing Information : Time (s): cpu = 00:00:06 ; elapsed = 00:00:23 . Memory (MB): peak = 2204.391 ; gain = 7.832 ; free physical = 284 ; free virtual = 1500
---------------------------------------------------------------------------------
---------------------------------------------------------------------------------
Finished RTL Optimization Phase 2 : Time (s): cpu = 00:00:07 ; elapsed = 00:00:36 . Memory (MB): peak = 2204.391 ; gain = 7.832 ; free physical = 119 ; free virtual = 1312
---------------------------------------------------------------------------------
No constraint files found.
---------------------------------------------------------------------------------
Start RTL Component Statistics 
---------------------------------------------------------------------------------
Detailed RTL Component Info : 
+---Muxes : 
	   4 Input    8 Bit        Muxes := 1     
---------------------------------------------------------------------------------
Finished RTL Component Statistics 
---------------------------------------------------------------------------------
---------------------------------------------------------------------------------
Start Part Resource Summary
---------------------------------------------------------------------------------
Part Resources:
DSPs: 240 (col length:80)
BRAMs: 270 (col length: RAMB18 80 RAMB36 40)
---------------------------------------------------------------------------------
Finished Part Resource Summary
---------------------------------------------------------------------------------
No constraint files found.
---------------------------------------------------------------------------------
Start Cross Boundary and Area Optimization
---------------------------------------------------------------------------------
---------------------------------------------------------------------------------
Finished Cross Boundary and Area Optimization : Time (s): cpu = 00:00:12 ; elapsed = 00:02:27 . Memory (MB): peak = 2204.391 ; gain = 7.832 ; free physical = 1590 ; free virtual = 2886
---------------------------------------------------------------------------------
No constraint files found.
---------------------------------------------------------------------------------
Start Timing Optimization
---------------------------------------------------------------------------------
---------------------------------------------------------------------------------
Finished Timing Optimization : Time (s): cpu = 00:00:12 ; elapsed = 00:02:28 . Memory (MB): peak = 2204.391 ; gain = 7.832 ; free physical = 1586 ; free virtual = 2885
---------------------------------------------------------------------------------
---------------------------------------------------------------------------------
Start Technology Mapping
---------------------------------------------------------------------------------
---------------------------------------------------------------------------------
Finished Technology Mapping : Time (s): cpu = 00:00:12 ; elapsed = 00:02:28 . Memory (MB): peak = 2204.391 ; gain = 7.832 ; free physical = 1592 ; free virtual = 2883
---------------------------------------------------------------------------------
---------------------------------------------------------------------------------
Start IO Insertion
---------------------------------------------------------------------------------
---------------------------------------------------------------------------------
Start Flattening Before IO Insertion
---------------------------------------------------------------------------------
---------------------------------------------------------------------------------
Finished Flattening Before IO Insertion
---------------------------------------------------------------------------------
---------------------------------------------------------------------------------
Start Final Netlist Cleanup
---------------------------------------------------------------------------------
---------------------------------------------------------------------------------
Finished Final Netlist Cleanup
---------------------------------------------------------------------------------
---------------------------------------------------------------------------------
Finished IO Insertion : Time (s): cpu = 00:00:14 ; elapsed = 00:02:31 . Memory (MB): peak = 2204.391 ; gain = 7.832 ; free physical = 1590 ; free virtual = 2884
---------------------------------------------------------------------------------
---------------------------------------------------------------------------------
Start Renaming Generated Instances
---------------------------------------------------------------------------------
---------------------------------------------------------------------------------
Finished Renaming Generated Instances : Time (s): cpu = 00:00:14 ; elapsed = 00:02:31 . Memory (MB): peak = 2204.391 ; gain = 7.832 ; free physical = 1590 ; free virtual = 2884
---------------------------------------------------------------------------------
---------------------------------------------------------------------------------
Start Rebuilding User Hierarchy
---------------------------------------------------------------------------------
---------------------------------------------------------------------------------
Finished Rebuilding User Hierarchy : Time (s): cpu = 00:00:14 ; elapsed = 00:02:31 . Memory (MB): peak = 2204.391 ; gain = 7.832 ; free physical = 1588 ; free virtual = 2884
---------------------------------------------------------------------------------
---------------------------------------------------------------------------------
Start Renaming Generated Ports
---------------------------------------------------------------------------------
---------------------------------------------------------------------------------
Finished Renaming Generated Ports : Time (s): cpu = 00:00:14 ; elapsed = 00:02:31 . Memory (MB): peak = 2204.391 ; gain = 7.832 ; free physical = 1588 ; free virtual = 2884
---------------------------------------------------------------------------------
---------------------------------------------------------------------------------
Start Handling Custom Attributes
---------------------------------------------------------------------------------
---------------------------------------------------------------------------------
Finished Handling Custom Attributes : Time (s): cpu = 00:00:14 ; elapsed = 00:02:31 . Memory (MB): peak = 2204.391 ; gain = 7.832 ; free physical = 1588 ; free virtual = 2884
---------------------------------------------------------------------------------
---------------------------------------------------------------------------------
Start Renaming Generated Nets
---------------------------------------------------------------------------------
---------------------------------------------------------------------------------
Finished Renaming Generated Nets : Time (s): cpu = 00:00:14 ; elapsed = 00:02:31 . Memory (MB): peak = 2204.391 ; gain = 7.832 ; free physical = 1588 ; free virtual = 2884
---------------------------------------------------------------------------------
---------------------------------------------------------------------------------
Start Writing Synthesis Report
---------------------------------------------------------------------------------

Report BlackBoxes: 
+-+--------------+----------+
| |BlackBox name |Instances |
+-+--------------+----------+
+-+--------------+----------+

Report Cell Usage: 
+------+-----+------+
|      |Cell |Count |
+------+-----+------+
|1     |LUT2 |     2|
|2     |IBUF |     2|
|3     |OBUF |    16|
+------+-----+------+

Report Instance Areas: 
+------+---------+-------+------+
|      |Instance |Module |Cells |
+------+---------+-------+------+
|1     |top      |       |    20|
+------+---------+-------+------+
---------------------------------------------------------------------------------
Finished Writing Synthesis Report : Time (s): cpu = 00:00:14 ; elapsed = 00:02:31 . Memory (MB): peak = 2204.391 ; gain = 7.832 ; free physical = 1593 ; free virtual = 2883
---------------------------------------------------------------------------------
Synthesis finished with 0 errors, 0 critical warnings and 0 warnings.
Synthesis Optimization Runtime : Time (s): cpu = 00:00:14 ; elapsed = 00:02:31 . Memory (MB): peak = 2204.391 ; gain = 7.832 ; free physical = 1594 ; free virtual = 2885
Synthesis Optimization Complete : Time (s): cpu = 00:00:14 ; elapsed = 00:02:31 . Memory (MB): peak = 2204.398 ; gain = 7.832 ; free physical = 1594 ; free virtual = 2886
INFO: [Project 1-571] Translating synthesized netlist
Netlist sorting complete. Time (s): cpu = 00:00:00 ; elapsed = 00:00:00.10 . Memory (MB): peak = 2204.398 ; gain = 0.000 ; free physical = 1578 ; free virtual = 2879
INFO: [Project 1-570] Preparing netlist for logic optimization
INFO: [Opt 31-138] Pushed 0 inverter(s) to 0 load pin(s).
Netlist sorting complete. Time (s): cpu = 00:00:00 ; elapsed = 00:00:00 . Memory (MB): peak = 2260.418 ; gain = 0.000 ; free physical = 1506 ; free virtual = 2884
INFO: [Project 1-111] Unisim Transformation Summary:
No Unisim elements were transformed.

INFO: [Common 17-83] Releasing license: Synthesis
12 Infos, 0 Warnings, 0 Critical Warnings and 0 Errors encountered.
synth_design completed successfully
synth_design: Time (s): cpu = 00:00:24 ; elapsed = 00:02:48 . Memory (MB): peak = 2260.418 ; gain = 64.031 ; free physical = 1657 ; free virtual = 3027
INFO: [Common 17-1381] The checkpoint '/codeDrive/ECE238/projLab1B/projLab1B.runs/synth_1/LAB1B.dcp' has been generated.
INFO: [runtcl-4] Executing : report_utilization -file LAB1B_utilization_synth.rpt -pb LAB1B_utilization_synth.pb
INFO: [Common 17-206] Exiting Vivado at Fri Feb 19 06:01:08 2021...
