
*** Running vivado
    with args -log LAB0A.vdi -applog -m64 -product Vivado -messageDb vivado.pb -mode batch -source LAB0A.tcl -notrace


****** Vivado v2020.2 (64-bit)
  **** SW Build 3064766 on Wed Nov 18 09:12:47 MST 2020
  **** IP Build 3064653 on Wed Nov 18 14:17:31 MST 2020
    ** Copyright 1986-2020 Xilinx, Inc. All Rights Reserved.

source LAB0A.tcl -notrace
Command: link_design -top LAB0A -part xc7a100tcsg324-1
Design is defaulting to srcset: sources_1
Design is defaulting to constrset: constrs_1
INFO: [Device 21-403] Loading part xc7a100tcsg324-1
Netlist sorting complete. Time (s): cpu = 00:00:00 ; elapsed = 00:00:00 . Memory (MB): peak = 2285.902 ; gain = 0.000 ; free physical = 933 ; free virtual = 5283
INFO: [Project 1-479] Netlist was created with Vivado 2020.2
INFO: [Project 1-570] Preparing netlist for logic optimization
Parsing XDC File [/var/repo/ECE238/Lab0/LAB0A/LAB0A.srcs/constrs_1/new/LAB0A.xdc]
Finished Parsing XDC File [/var/repo/ECE238/Lab0/LAB0A/LAB0A.srcs/constrs_1/new/LAB0A.xdc]
INFO: [Opt 31-138] Pushed 0 inverter(s) to 0 load pin(s).
Netlist sorting complete. Time (s): cpu = 00:00:00 ; elapsed = 00:00:00 . Memory (MB): peak = 2341.758 ; gain = 0.000 ; free physical = 847 ; free virtual = 5197
INFO: [Project 1-111] Unisim Transformation Summary:
No Unisim elements were transformed.

5 Infos, 0 Warnings, 0 Critical Warnings and 0 Errors encountered.
link_design completed successfully
link_design: Time (s): cpu = 00:00:04 ; elapsed = 00:00:06 . Memory (MB): peak = 2341.758 ; gain = 56.027 ; free physical = 847 ; free virtual = 5197
Command: opt_design
Attempting to get a license for feature 'Implementation' and/or device 'xc7a100t'
INFO: [Common 17-349] Got license for feature 'Implementation' and/or device 'xc7a100t'
Running DRC as a precondition to command opt_design

Starting DRC Task
INFO: [DRC 23-27] Running DRC with 8 threads
INFO: [Project 1-461] DRC finished with 0 Errors
INFO: [Project 1-462] Please refer to the DRC report (report_drc) for more information.

Time (s): cpu = 00:00:00.52 ; elapsed = 00:00:00.56 . Memory (MB): peak = 2405.789 ; gain = 64.031 ; free physical = 841 ; free virtual = 5192

Starting Cache Timing Information Task
INFO: [Timing 38-35] Done setting XDC timing constraints.
Ending Cache Timing Information Task | Checksum: 1a414669c

Time (s): cpu = 00:00:06 ; elapsed = 00:00:07 . Memory (MB): peak = 2512.602 ; gain = 106.812 ; free physical = 454 ; free virtual = 4806

Starting Logic Optimization Task

Phase 1 Retarget
INFO: [Opt 31-138] Pushed 0 inverter(s) to 0 load pin(s).
INFO: [Opt 31-49] Retargeted 0 cell(s).
Phase 1 Retarget | Checksum: 1a414669c

Time (s): cpu = 00:00:00.01 ; elapsed = 00:00:00.01 . Memory (MB): peak = 2684.570 ; gain = 0.000 ; free physical = 286 ; free virtual = 4637
INFO: [Opt 31-389] Phase Retarget created 0 cells and removed 0 cells

Phase 2 Constant propagation
INFO: [Opt 31-138] Pushed 0 inverter(s) to 0 load pin(s).
Phase 2 Constant propagation | Checksum: 1a414669c

Time (s): cpu = 00:00:00.01 ; elapsed = 00:00:00.02 . Memory (MB): peak = 2684.570 ; gain = 0.000 ; free physical = 286 ; free virtual = 4637
INFO: [Opt 31-389] Phase Constant propagation created 0 cells and removed 0 cells

Phase 3 Sweep
Phase 3 Sweep | Checksum: 1a414669c

Time (s): cpu = 00:00:00.01 ; elapsed = 00:00:00.02 . Memory (MB): peak = 2684.570 ; gain = 0.000 ; free physical = 286 ; free virtual = 4637
INFO: [Opt 31-389] Phase Sweep created 0 cells and removed 0 cells

Phase 4 BUFG optimization
Phase 4 BUFG optimization | Checksum: 1a414669c

Time (s): cpu = 00:00:00.01 ; elapsed = 00:00:00.02 . Memory (MB): peak = 2684.570 ; gain = 0.000 ; free physical = 286 ; free virtual = 4637
INFO: [Opt 31-662] Phase BUFG optimization created 0 cells of which 0 are BUFGs and removed 0 cells.

Phase 5 Shift Register Optimization
INFO: [Opt 31-1064] SRL Remap converted 0 SRLs to 0 registers and converted 0 registers of register chains to 0 SRLs
Phase 5 Shift Register Optimization | Checksum: 1a414669c

Time (s): cpu = 00:00:00.01 ; elapsed = 00:00:00.02 . Memory (MB): peak = 2684.570 ; gain = 0.000 ; free physical = 286 ; free virtual = 4637
INFO: [Opt 31-389] Phase Shift Register Optimization created 0 cells and removed 0 cells

Phase 6 Post Processing Netlist
Phase 6 Post Processing Netlist | Checksum: 1a414669c

Time (s): cpu = 00:00:00.01 ; elapsed = 00:00:00.02 . Memory (MB): peak = 2684.570 ; gain = 0.000 ; free physical = 286 ; free virtual = 4637
INFO: [Opt 31-389] Phase Post Processing Netlist created 0 cells and removed 0 cells
Opt_design Change Summary
=========================


-------------------------------------------------------------------------------------------------------------------------
|  Phase                        |  #Cells created  |  #Cells Removed  |  #Constrained objects preventing optimizations  |
-------------------------------------------------------------------------------------------------------------------------
|  Retarget                     |               0  |               0  |                                              0  |
|  Constant propagation         |               0  |               0  |                                              0  |
|  Sweep                        |               0  |               0  |                                              0  |
|  BUFG optimization            |               0  |               0  |                                              0  |
|  Shift Register Optimization  |               0  |               0  |                                              0  |
|  Post Processing Netlist      |               0  |               0  |                                              0  |
-------------------------------------------------------------------------------------------------------------------------



Starting Connectivity Check Task

Time (s): cpu = 00:00:00 ; elapsed = 00:00:00 . Memory (MB): peak = 2684.570 ; gain = 0.000 ; free physical = 286 ; free virtual = 4637
Ending Logic Optimization Task | Checksum: 1a414669c

Time (s): cpu = 00:00:00.01 ; elapsed = 00:00:00.02 . Memory (MB): peak = 2684.570 ; gain = 0.000 ; free physical = 286 ; free virtual = 4637

Starting Power Optimization Task
INFO: [Pwropt 34-132] Skipping clock gating for clocks with a period < 2.00 ns.
Ending Power Optimization Task | Checksum: 1a414669c

Time (s): cpu = 00:00:00.01 ; elapsed = 00:00:00.01 . Memory (MB): peak = 2684.570 ; gain = 0.000 ; free physical = 285 ; free virtual = 4636

Starting Final Cleanup Task
Ending Final Cleanup Task | Checksum: 1a414669c

Time (s): cpu = 00:00:00 ; elapsed = 00:00:00 . Memory (MB): peak = 2684.570 ; gain = 0.000 ; free physical = 285 ; free virtual = 4636

Starting Netlist Obfuscation Task
Netlist sorting complete. Time (s): cpu = 00:00:00 ; elapsed = 00:00:00 . Memory (MB): peak = 2684.570 ; gain = 0.000 ; free physical = 285 ; free virtual = 4636
Ending Netlist Obfuscation Task | Checksum: 1a414669c

Time (s): cpu = 00:00:00 ; elapsed = 00:00:00 . Memory (MB): peak = 2684.570 ; gain = 0.000 ; free physical = 285 ; free virtual = 4636
INFO: [Common 17-83] Releasing license: Implementation
22 Infos, 0 Warnings, 0 Critical Warnings and 0 Errors encountered.
opt_design completed successfully
opt_design: Time (s): cpu = 00:00:09 ; elapsed = 00:00:09 . Memory (MB): peak = 2684.570 ; gain = 342.812 ; free physical = 285 ; free virtual = 4636
INFO: [Timing 38-480] Writing timing data to binary archive.
Writing placer database...
Writing XDEF routing.
Writing XDEF routing logical nets.
Writing XDEF routing special nets.
Write XDEF Complete: Time (s): cpu = 00:00:00.03 ; elapsed = 00:00:00.02 . Memory (MB): peak = 2724.590 ; gain = 0.000 ; free physical = 281 ; free virtual = 4634
INFO: [Common 17-1381] The checkpoint '/var/repo/ECE238/Lab0/LAB0A/LAB0A.runs/impl_1/LAB0A_opt.dcp' has been generated.
INFO: [runtcl-4] Executing : report_drc -file LAB0A_drc_opted.rpt -pb LAB0A_drc_opted.pb -rpx LAB0A_drc_opted.rpx
Command: report_drc -file LAB0A_drc_opted.rpt -pb LAB0A_drc_opted.pb -rpx LAB0A_drc_opted.rpx
INFO: [IP_Flow 19-234] Refreshing IP repositories
INFO: [IP_Flow 19-1704] No user IP repositories specified
INFO: [IP_Flow 19-2313] Loaded Vivado IP repository '/var/repo/Repo/vivado/pkg/vivado/opt/Xilinx/Vivado/2020.2/data/ip'.
INFO: [Timing 38-35] Done setting XDC timing constraints.
INFO: [DRC 23-27] Running DRC with 8 threads
INFO: [Coretcl 2-168] The results of DRC are in file /var/repo/ECE238/Lab0/LAB0A/LAB0A.runs/impl_1/LAB0A_drc_opted.rpt.
report_drc completed successfully
Command: place_design
Attempting to get a license for feature 'Implementation' and/or device 'xc7a100t'
INFO: [Common 17-349] Got license for feature 'Implementation' and/or device 'xc7a100t'
INFO: [DRC 23-27] Running DRC with 8 threads
INFO: [Vivado_Tcl 4-198] DRC finished with 0 Errors
INFO: [Vivado_Tcl 4-199] Please refer to the DRC report (report_drc) for more information.
Running DRC as a precondition to command place_design
INFO: [DRC 23-27] Running DRC with 8 threads
INFO: [Vivado_Tcl 4-198] DRC finished with 0 Errors
INFO: [Vivado_Tcl 4-199] Please refer to the DRC report (report_drc) for more information.

Starting Placer Task
INFO: [Place 30-611] Multithreading enabled for place_design using a maximum of 8 CPUs

Phase 1 Placer Initialization

Phase 1.1 Placer Initialization Netlist Sorting
Netlist sorting complete. Time (s): cpu = 00:00:00 ; elapsed = 00:00:00 . Memory (MB): peak = 2833.980 ; gain = 0.000 ; free physical = 231 ; free virtual = 4584
Phase 1.1 Placer Initialization Netlist Sorting | Checksum: f1e35f38

Time (s): cpu = 00:00:00.01 ; elapsed = 00:00:00.03 . Memory (MB): peak = 2833.980 ; gain = 0.000 ; free physical = 231 ; free virtual = 4584
Netlist sorting complete. Time (s): cpu = 00:00:00 ; elapsed = 00:00:00 . Memory (MB): peak = 2833.980 ; gain = 0.000 ; free physical = 231 ; free virtual = 4584

Phase 1.2 IO Placement/ Clock Placement/ Build Placer Device
Phase 1.2 IO Placement/ Clock Placement/ Build Placer Device | Checksum: f1e35f38

Time (s): cpu = 00:00:00.31 ; elapsed = 00:00:00.11 . Memory (MB): peak = 2833.980 ; gain = 0.000 ; free physical = 246 ; free virtual = 4599

Phase 1.3 Build Placer Netlist Model
Phase 1.3 Build Placer Netlist Model | Checksum: 109521876

Time (s): cpu = 00:00:00.39 ; elapsed = 00:00:00.13 . Memory (MB): peak = 2833.980 ; gain = 0.000 ; free physical = 245 ; free virtual = 4598

Phase 1.4 Constrain Clocks/Macros
Phase 1.4 Constrain Clocks/Macros | Checksum: 109521876

Time (s): cpu = 00:00:00.39 ; elapsed = 00:00:00.13 . Memory (MB): peak = 2833.980 ; gain = 0.000 ; free physical = 245 ; free virtual = 4598
Phase 1 Placer Initialization | Checksum: 109521876

Time (s): cpu = 00:00:00.40 ; elapsed = 00:00:00.14 . Memory (MB): peak = 2833.980 ; gain = 0.000 ; free physical = 244 ; free virtual = 4597

Phase 2 Global Placement

Phase 2.1 Floorplanning
Phase 2.1 Floorplanning | Checksum: 109521876

Time (s): cpu = 00:00:00.40 ; elapsed = 00:00:00.14 . Memory (MB): peak = 2833.980 ; gain = 0.000 ; free physical = 243 ; free virtual = 4596

Phase 2.2 Update Timing before SLR Path Opt
Phase 2.2 Update Timing before SLR Path Opt | Checksum: 109521876

Time (s): cpu = 00:00:00.40 ; elapsed = 00:00:00.14 . Memory (MB): peak = 2833.980 ; gain = 0.000 ; free physical = 243 ; free virtual = 4596

Phase 2.3 Global Placement Core
WARNING: [Place 46-29] place_design is not in timing mode. Skip physical synthesis in placer
Phase 2.3 Global Placement Core | Checksum: 1c848111b

Time (s): cpu = 00:00:01 ; elapsed = 00:00:00.31 . Memory (MB): peak = 2833.980 ; gain = 0.000 ; free physical = 216 ; free virtual = 4569
Phase 2 Global Placement | Checksum: 1c848111b

Time (s): cpu = 00:00:01 ; elapsed = 00:00:00.31 . Memory (MB): peak = 2833.980 ; gain = 0.000 ; free physical = 216 ; free virtual = 4569

Phase 3 Detail Placement

Phase 3.1 Commit Multi Column Macros
Phase 3.1 Commit Multi Column Macros | Checksum: 1c848111b

Time (s): cpu = 00:00:01 ; elapsed = 00:00:00.32 . Memory (MB): peak = 2833.980 ; gain = 0.000 ; free physical = 216 ; free virtual = 4569

Phase 3.2 Commit Most Macros & LUTRAMs
Phase 3.2 Commit Most Macros & LUTRAMs | Checksum: ff6ab612

Time (s): cpu = 00:00:01 ; elapsed = 00:00:00.33 . Memory (MB): peak = 2833.980 ; gain = 0.000 ; free physical = 215 ; free virtual = 4568

Phase 3.3 Area Swap Optimization
Phase 3.3 Area Swap Optimization | Checksum: 1a3298d24

Time (s): cpu = 00:00:01 ; elapsed = 00:00:00.34 . Memory (MB): peak = 2833.980 ; gain = 0.000 ; free physical = 215 ; free virtual = 4568

Phase 3.4 Pipeline Register Optimization
Phase 3.4 Pipeline Register Optimization | Checksum: 1a3298d24

Time (s): cpu = 00:00:01 ; elapsed = 00:00:00.34 . Memory (MB): peak = 2833.980 ; gain = 0.000 ; free physical = 215 ; free virtual = 4568

Phase 3.5 Small Shape Detail Placement
Phase 3.5 Small Shape Detail Placement | Checksum: 19452afb1

Time (s): cpu = 00:00:02 ; elapsed = 00:00:00.52 . Memory (MB): peak = 2833.980 ; gain = 0.000 ; free physical = 213 ; free virtual = 4566

Phase 3.6 Re-assign LUT pins
Phase 3.6 Re-assign LUT pins | Checksum: 19452afb1

Time (s): cpu = 00:00:02 ; elapsed = 00:00:00.52 . Memory (MB): peak = 2833.980 ; gain = 0.000 ; free physical = 213 ; free virtual = 4566

Phase 3.7 Pipeline Register Optimization
Phase 3.7 Pipeline Register Optimization | Checksum: 19452afb1

Time (s): cpu = 00:00:02 ; elapsed = 00:00:00.52 . Memory (MB): peak = 2833.980 ; gain = 0.000 ; free physical = 213 ; free virtual = 4566
Phase 3 Detail Placement | Checksum: 19452afb1

Time (s): cpu = 00:00:02 ; elapsed = 00:00:00.52 . Memory (MB): peak = 2833.980 ; gain = 0.000 ; free physical = 213 ; free virtual = 4566

Phase 4 Post Placement Optimization and Clean-Up

Phase 4.1 Post Commit Optimization
Phase 4.1 Post Commit Optimization | Checksum: 19452afb1

Time (s): cpu = 00:00:02 ; elapsed = 00:00:00.53 . Memory (MB): peak = 2833.980 ; gain = 0.000 ; free physical = 213 ; free virtual = 4566

Phase 4.2 Post Placement Cleanup
Phase 4.2 Post Placement Cleanup | Checksum: 19452afb1

Time (s): cpu = 00:00:02 ; elapsed = 00:00:00.53 . Memory (MB): peak = 2833.980 ; gain = 0.000 ; free physical = 214 ; free virtual = 4567

Phase 4.3 Placer Reporting

Phase 4.3.1 Print Estimated Congestion
INFO: [Place 30-612] Post-Placement Estimated Congestion 
 ____________________________________________________
|           | Global Congestion | Short Congestion  |
| Direction | Region Size       | Region Size       |
|___________|___________________|___________________|
|      North|                1x1|                1x1|
|___________|___________________|___________________|
|      South|                1x1|                1x1|
|___________|___________________|___________________|
|       East|                1x1|                1x1|
|___________|___________________|___________________|
|       West|                1x1|                1x1|
|___________|___________________|___________________|

Phase 4.3.1 Print Estimated Congestion | Checksum: 19452afb1

Time (s): cpu = 00:00:02 ; elapsed = 00:00:00.54 . Memory (MB): peak = 2833.980 ; gain = 0.000 ; free physical = 214 ; free virtual = 4567
Phase 4.3 Placer Reporting | Checksum: 19452afb1

Time (s): cpu = 00:00:02 ; elapsed = 00:00:00.54 . Memory (MB): peak = 2833.980 ; gain = 0.000 ; free physical = 214 ; free virtual = 4567

Phase 4.4 Final Placement Cleanup
Netlist sorting complete. Time (s): cpu = 00:00:00 ; elapsed = 00:00:00 . Memory (MB): peak = 2833.980 ; gain = 0.000 ; free physical = 214 ; free virtual = 4567

Time (s): cpu = 00:00:02 ; elapsed = 00:00:00.54 . Memory (MB): peak = 2833.980 ; gain = 0.000 ; free physical = 214 ; free virtual = 4567
Phase 4 Post Placement Optimization and Clean-Up | Checksum: 19452afb1

Time (s): cpu = 00:00:02 ; elapsed = 00:00:00.54 . Memory (MB): peak = 2833.980 ; gain = 0.000 ; free physical = 214 ; free virtual = 4567
Ending Placer Task | Checksum: 162381307

Time (s): cpu = 00:00:02 ; elapsed = 00:00:00.54 . Memory (MB): peak = 2833.980 ; gain = 0.000 ; free physical = 214 ; free virtual = 4567
INFO: [Common 17-83] Releasing license: Implementation
41 Infos, 1 Warnings, 0 Critical Warnings and 0 Errors encountered.
place_design completed successfully
INFO: [Timing 38-480] Writing timing data to binary archive.
Writing placer database...
Writing XDEF routing.
Writing XDEF routing logical nets.
Writing XDEF routing special nets.
Write XDEF Complete: Time (s): cpu = 00:00:00.04 ; elapsed = 00:00:00.03 . Memory (MB): peak = 2833.980 ; gain = 0.000 ; free physical = 241 ; free virtual = 4596
INFO: [Common 17-1381] The checkpoint '/var/repo/ECE238/Lab0/LAB0A/LAB0A.runs/impl_1/LAB0A_placed.dcp' has been generated.
INFO: [runtcl-4] Executing : report_io -file LAB0A_io_placed.rpt
report_io: Time (s): cpu = 00:00:00.04 ; elapsed = 00:00:00.05 . Memory (MB): peak = 2833.980 ; gain = 0.000 ; free physical = 234 ; free virtual = 4588
INFO: [runtcl-4] Executing : report_utilization -file LAB0A_utilization_placed.rpt -pb LAB0A_utilization_placed.pb
INFO: [runtcl-4] Executing : report_control_sets -verbose -file LAB0A_control_sets_placed.rpt
report_control_sets: Time (s): cpu = 00:00:00 ; elapsed = 00:00:00 . Memory (MB): peak = 2833.980 ; gain = 0.000 ; free physical = 242 ; free virtual = 4596
Command: phys_opt_design
Attempting to get a license for feature 'Implementation' and/or device 'xc7a100t'
INFO: [Common 17-349] Got license for feature 'Implementation' and/or device 'xc7a100t'
INFO: [Vivado_Tcl 4-235] No timing constraint found. The netlist was not modified.
INFO: [Common 17-83] Releasing license: Implementation
49 Infos, 1 Warnings, 0 Critical Warnings and 0 Errors encountered.
phys_opt_design completed successfully
INFO: [Timing 38-480] Writing timing data to binary archive.
Writing placer database...
Writing XDEF routing.
Writing XDEF routing logical nets.
Writing XDEF routing special nets.
Write XDEF Complete: Time (s): cpu = 00:00:00.03 ; elapsed = 00:00:00.02 . Memory (MB): peak = 2833.980 ; gain = 0.000 ; free physical = 221 ; free virtual = 4577
INFO: [Common 17-1381] The checkpoint '/var/repo/ECE238/Lab0/LAB0A/LAB0A.runs/impl_1/LAB0A_physopt.dcp' has been generated.
Command: route_design
Attempting to get a license for feature 'Implementation' and/or device 'xc7a100t'
INFO: [Common 17-349] Got license for feature 'Implementation' and/or device 'xc7a100t'
Running DRC as a precondition to command route_design
INFO: [DRC 23-27] Running DRC with 8 threads
INFO: [Vivado_Tcl 4-198] DRC finished with 0 Errors
INFO: [Vivado_Tcl 4-199] Please refer to the DRC report (report_drc) for more information.


Starting Routing Task
INFO: [Route 35-254] Multithreading enabled for route_design using a maximum of 8 CPUs
Checksum: PlaceDB: af68b3ed ConstDB: 0 ShapeSum: b2cf5f1a RouteDB: 0

Phase 1 Build RT Design
Phase 1 Build RT Design | Checksum: 147078fcc

Time (s): cpu = 00:00:20 ; elapsed = 00:00:16 . Memory (MB): peak = 2888.633 ; gain = 54.652 ; free physical = 144 ; free virtual = 4412
Post Restoration Checksum: NetGraph: 795933f3 NumContArr: cdae5bd9 Constraints: 0 Timing: 0

Phase 2 Router Initialization
INFO: [Route 35-64] No timing constraints were detected. The router will operate in resource-optimization mode.

Phase 2.1 Fix Topology Constraints
Phase 2.1 Fix Topology Constraints | Checksum: 147078fcc

Time (s): cpu = 00:00:20 ; elapsed = 00:00:16 . Memory (MB): peak = 2912.629 ; gain = 78.648 ; free physical = 121 ; free virtual = 4378

Phase 2.2 Pre Route Cleanup
Phase 2.2 Pre Route Cleanup | Checksum: 147078fcc

Time (s): cpu = 00:00:20 ; elapsed = 00:00:16 . Memory (MB): peak = 2912.629 ; gain = 78.648 ; free physical = 124 ; free virtual = 4377
 Number of Nodes with overlaps = 0
Phase 2 Router Initialization | Checksum: 638c824a

Time (s): cpu = 00:00:20 ; elapsed = 00:00:16 . Memory (MB): peak = 2928.930 ; gain = 94.949 ; free physical = 147 ; free virtual = 4370

Router Utilization Summary
  Global Vertical Routing Utilization    = 0 %
  Global Horizontal Routing Utilization  = 0 %
  Routable Net Status*
  *Does not include unroutable nets such as driverless and loadless.
  Run report_route_status for detailed report.
  Number of Failed Nets               = 5
    (Failed Nets is the sum of unrouted and partially routed nets)
  Number of Unrouted Nets             = 5
  Number of Partially Routed Nets     = 0
  Number of Node Overlaps             = 0


Phase 3 Initial Routing

Phase 3.1 Global Routing
Phase 3.1 Global Routing | Checksum: 638c824a

Time (s): cpu = 00:00:20 ; elapsed = 00:00:16 . Memory (MB): peak = 2928.930 ; gain = 94.949 ; free physical = 146 ; free virtual = 4369
Phase 3 Initial Routing | Checksum: be64d145

Time (s): cpu = 00:00:21 ; elapsed = 00:00:16 . Memory (MB): peak = 2928.930 ; gain = 94.949 ; free physical = 144 ; free virtual = 4367

Phase 4 Rip-up And Reroute

Phase 4.1 Global Iteration 0
 Number of Nodes with overlaps = 0
Phase 4.1 Global Iteration 0 | Checksum: 104f1c8fa

Time (s): cpu = 00:00:21 ; elapsed = 00:00:16 . Memory (MB): peak = 2928.930 ; gain = 94.949 ; free physical = 144 ; free virtual = 4367
Phase 4 Rip-up And Reroute | Checksum: 104f1c8fa

Time (s): cpu = 00:00:21 ; elapsed = 00:00:16 . Memory (MB): peak = 2928.930 ; gain = 94.949 ; free physical = 144 ; free virtual = 4367

Phase 5 Delay and Skew Optimization
Phase 5 Delay and Skew Optimization | Checksum: 104f1c8fa

Time (s): cpu = 00:00:21 ; elapsed = 00:00:16 . Memory (MB): peak = 2928.930 ; gain = 94.949 ; free physical = 144 ; free virtual = 4367

Phase 6 Post Hold Fix

Phase 6.1 Hold Fix Iter
Phase 6.1 Hold Fix Iter | Checksum: 104f1c8fa

Time (s): cpu = 00:00:21 ; elapsed = 00:00:16 . Memory (MB): peak = 2928.930 ; gain = 94.949 ; free physical = 144 ; free virtual = 4367
Phase 6 Post Hold Fix | Checksum: 104f1c8fa

Time (s): cpu = 00:00:21 ; elapsed = 00:00:16 . Memory (MB): peak = 2928.930 ; gain = 94.949 ; free physical = 144 ; free virtual = 4367

Phase 7 Route finalize

Router Utilization Summary
  Global Vertical Routing Utilization    = 0.00161031 %
  Global Horizontal Routing Utilization  = 0.000781472 %
  Routable Net Status*
  *Does not include unroutable nets such as driverless and loadless.
  Run report_route_status for detailed report.
  Number of Failed Nets               = 0
    (Failed Nets is the sum of unrouted and partially routed nets)
  Number of Unrouted Nets             = 0
  Number of Partially Routed Nets     = 0
  Number of Node Overlaps             = 0

Congestion Report
North Dir 1x1 Area, Max Cong = 0%, No Congested Regions.
South Dir 1x1 Area, Max Cong = 6.30631%, No Congested Regions.
East Dir 1x1 Area, Max Cong = 2.94118%, No Congested Regions.
West Dir 1x1 Area, Max Cong = 4.41176%, No Congested Regions.

------------------------------
Reporting congestion hotspots
------------------------------
Direction: North
----------------
Congested clusters found at Level 0
Effective congestion level: 0 Aspect Ratio: 1 Sparse Ratio: 0
Direction: South
----------------
Congested clusters found at Level 0
Effective congestion level: 0 Aspect Ratio: 1 Sparse Ratio: 0
Direction: East
----------------
Congested clusters found at Level 0
Effective congestion level: 0 Aspect Ratio: 1 Sparse Ratio: 0
Direction: West
----------------
Congested clusters found at Level 0
Effective congestion level: 0 Aspect Ratio: 1 Sparse Ratio: 0

Phase 7 Route finalize | Checksum: 104f1c8fa

Time (s): cpu = 00:00:21 ; elapsed = 00:00:16 . Memory (MB): peak = 2928.930 ; gain = 94.949 ; free physical = 143 ; free virtual = 4366

Phase 8 Verifying routed nets

 Verification completed successfully
Phase 8 Verifying routed nets | Checksum: 104f1c8fa

Time (s): cpu = 00:00:21 ; elapsed = 00:00:16 . Memory (MB): peak = 2928.930 ; gain = 94.949 ; free physical = 142 ; free virtual = 4365

Phase 9 Depositing Routes
Phase 9 Depositing Routes | Checksum: 89e3152a

Time (s): cpu = 00:00:21 ; elapsed = 00:00:16 . Memory (MB): peak = 2960.945 ; gain = 126.965 ; free physical = 142 ; free virtual = 4365
INFO: [Route 35-16] Router Completed Successfully

Time (s): cpu = 00:00:21 ; elapsed = 00:00:16 . Memory (MB): peak = 2960.945 ; gain = 126.965 ; free physical = 179 ; free virtual = 4402

Routing Is Done.
INFO: [Common 17-83] Releasing license: Implementation
59 Infos, 1 Warnings, 0 Critical Warnings and 0 Errors encountered.
route_design completed successfully
route_design: Time (s): cpu = 00:00:21 ; elapsed = 00:00:17 . Memory (MB): peak = 2960.945 ; gain = 126.965 ; free physical = 176 ; free virtual = 4400
INFO: [Timing 38-480] Writing timing data to binary archive.
Writing placer database...
Writing XDEF routing.
Writing XDEF routing logical nets.
Writing XDEF routing special nets.
Write XDEF Complete: Time (s): cpu = 00:00:00.06 ; elapsed = 00:00:00.04 . Memory (MB): peak = 2960.945 ; gain = 0.000 ; free physical = 175 ; free virtual = 4399
INFO: [Common 17-1381] The checkpoint '/var/repo/ECE238/Lab0/LAB0A/LAB0A.runs/impl_1/LAB0A_routed.dcp' has been generated.
INFO: [runtcl-4] Executing : report_drc -file LAB0A_drc_routed.rpt -pb LAB0A_drc_routed.pb -rpx LAB0A_drc_routed.rpx
Command: report_drc -file LAB0A_drc_routed.rpt -pb LAB0A_drc_routed.pb -rpx LAB0A_drc_routed.rpx
INFO: [IP_Flow 19-1839] IP Catalog is up to date.
INFO: [DRC 23-27] Running DRC with 8 threads
INFO: [Coretcl 2-168] The results of DRC are in file /var/repo/ECE238/Lab0/LAB0A/LAB0A.runs/impl_1/LAB0A_drc_routed.rpt.
report_drc completed successfully
INFO: [runtcl-4] Executing : report_methodology -file LAB0A_methodology_drc_routed.rpt -pb LAB0A_methodology_drc_routed.pb -rpx LAB0A_methodology_drc_routed.rpx
Command: report_methodology -file LAB0A_methodology_drc_routed.rpt -pb LAB0A_methodology_drc_routed.pb -rpx LAB0A_methodology_drc_routed.rpx
INFO: [Timing 38-35] Done setting XDC timing constraints.
INFO: [DRC 23-133] Running Methodology with 8 threads
INFO: [Coretcl 2-1520] The results of Report Methodology are in file /var/repo/ECE238/Lab0/LAB0A/LAB0A.runs/impl_1/LAB0A_methodology_drc_routed.rpt.
report_methodology completed successfully
INFO: [runtcl-4] Executing : report_power -file LAB0A_power_routed.rpt -pb LAB0A_power_summary_routed.pb -rpx LAB0A_power_routed.rpx
Command: report_power -file LAB0A_power_routed.rpt -pb LAB0A_power_summary_routed.pb -rpx LAB0A_power_routed.rpx
INFO: [Timing 38-35] Done setting XDC timing constraints.
WARNING: [Power 33-232] No user defined clocks were found in the design! Power estimation will be inaccurate until this is corrected.
Resolution: Please specify clocks using create_clock/create_generated_clock for sequential elements. For pure combinatorial circuits, please specify a virtual clock, otherwise the vectorless estimation might be inaccurate
Running Vector-less Activity Propagation...

Finished Running Vector-less Activity Propagation
71 Infos, 2 Warnings, 0 Critical Warnings and 0 Errors encountered.
report_power completed successfully
INFO: [runtcl-4] Executing : report_route_status -file LAB0A_route_status.rpt -pb LAB0A_route_status.pb
INFO: [runtcl-4] Executing : report_timing_summary -max_paths 10 -file LAB0A_timing_summary_routed.rpt -pb LAB0A_timing_summary_routed.pb -rpx LAB0A_timing_summary_routed.rpx -warn_on_violation 
INFO: [Timing 38-91] UpdateTimingParams: Speed grade: -1, Delay Type: min_max.
INFO: [Timing 38-191] Multithreading enabled for timing update using a maximum of 8 CPUs
WARNING: [Timing 38-313] There are no user specified timing constraints. Timing constraints are needed for proper timing analysis.
INFO: [runtcl-4] Executing : report_incremental_reuse -file LAB0A_incremental_reuse_routed.rpt
INFO: [Vivado_Tcl 4-1062] Incremental flow is disabled. No incremental reuse Info to report.
INFO: [runtcl-4] Executing : report_clock_utilization -file LAB0A_clock_utilization_routed.rpt
INFO: [runtcl-4] Executing : report_bus_skew -warn_on_violation -file LAB0A_bus_skew_routed.rpt -pb LAB0A_bus_skew_routed.pb -rpx LAB0A_bus_skew_routed.rpx
INFO: [Timing 38-91] UpdateTimingParams: Speed grade: -1, Delay Type: min_max.
INFO: [Timing 38-191] Multithreading enabled for timing update using a maximum of 8 CPUs
INFO: [Common 17-206] Exiting Vivado at Thu Jan 28 17:08:47 2021...

*** Running vivado
    with args -log LAB0A.vdi -applog -m64 -product Vivado -messageDb vivado.pb -mode batch -source LAB0A.tcl -notrace


****** Vivado v2020.2 (64-bit)
  **** SW Build 3064766 on Wed Nov 18 09:12:47 MST 2020
  **** IP Build 3064653 on Wed Nov 18 14:17:31 MST 2020
    ** Copyright 1986-2020 Xilinx, Inc. All Rights Reserved.

source LAB0A.tcl -notrace
Command: open_checkpoint LAB0A_routed.dcp

Starting open_checkpoint Task

Time (s): cpu = 00:00:00.05 ; elapsed = 00:00:00.07 . Memory (MB): peak = 2283.660 ; gain = 0.000 ; free physical = 1354 ; free virtual = 5580
INFO: [Device 21-403] Loading part xc7a100tcsg324-1
Netlist sorting complete. Time (s): cpu = 00:00:00 ; elapsed = 00:00:00 . Memory (MB): peak = 2283.875 ; gain = 0.000 ; free physical = 1029 ; free virtual = 5263
INFO: [Project 1-479] Netlist was created with Vivado 2020.2
INFO: [Project 1-570] Preparing netlist for logic optimization
INFO: [Timing 38-478] Restoring timing data from binary archive.
INFO: [Timing 38-479] Binary timing data restore complete.
INFO: [Project 1-856] Restoring constraints from binary archive.
INFO: [Project 1-853] Binary constraint restore complete.
Reading XDEF placement.
Reading placer database...
Reading XDEF routing.
Read XDEF File: Time (s): cpu = 00:00:00.07 ; elapsed = 00:00:00.11 . Memory (MB): peak = 2453.508 ; gain = 19.812 ; free physical = 506 ; free virtual = 4736
Restored from archive | CPU: 0.100000 secs | Memory: 1.151405 MB |
Finished XDEF File Restore: Time (s): cpu = 00:00:00.07 ; elapsed = 00:00:00.11 . Memory (MB): peak = 2453.508 ; gain = 19.812 ; free physical = 506 ; free virtual = 4736
Netlist sorting complete. Time (s): cpu = 00:00:00 ; elapsed = 00:00:00 . Memory (MB): peak = 2453.508 ; gain = 0.000 ; free physical = 519 ; free virtual = 4750
INFO: [Project 1-111] Unisim Transformation Summary:
No Unisim elements were transformed.

INFO: [Project 1-604] Checkpoint was created with Vivado v2020.2 (64-bit) build 3064766
open_checkpoint: Time (s): cpu = 00:00:13 ; elapsed = 00:00:15 . Memory (MB): peak = 2453.508 ; gain = 169.848 ; free physical = 519 ; free virtual = 4750
Command: write_bitstream -force LAB0A.bit
Attempting to get a license for feature 'Implementation' and/or device 'xc7a100t'
INFO: [Common 17-349] Got license for feature 'Implementation' and/or device 'xc7a100t'
Running DRC as a precondition to command write_bitstream
INFO: [IP_Flow 19-234] Refreshing IP repositories
INFO: [IP_Flow 19-1704] No user IP repositories specified
INFO: [IP_Flow 19-2313] Loaded Vivado IP repository '/var/repo/Repo/vivado/pkg/vivado/opt/Xilinx/Vivado/2020.2/data/ip'.
INFO: [DRC 23-27] Running DRC with 8 threads
WARNING: [DRC CFGBVS-1] Missing CFGBVS and CONFIG_VOLTAGE Design Properties: Neither the CFGBVS nor CONFIG_VOLTAGE voltage property is set in the current_design.  Configuration bank voltage select (CFGBVS) must be set to VCCO or GND, and CONFIG_VOLTAGE must be set to the correct configuration voltage, in order to determine the I/O voltage support for the pins in bank 0.  It is suggested to specify these either using the 'Edit Device Properties' function in the GUI or directly in the XDC file using the following syntax:

 set_property CFGBVS value1 [current_design]
 #where value1 is either VCCO or GND

 set_property CONFIG_VOLTAGE value2 [current_design]
 #where value2 is the voltage provided to configuration bank 0

Refer to the device configuration user guide for more information.
INFO: [Vivado 12-3199] DRC finished with 0 Errors, 1 Warnings
INFO: [Vivado 12-3200] Please refer to the DRC report (report_drc) for more information.
INFO: [Designutils 20-2272] Running write_bitstream with 8 threads.
Loading data files...
Loading site data...
Loading route data...
Processing options...
Creating bitmap...
Creating bitstream...
Writing bitstream ./LAB0A.bit...
INFO: [Vivado 12-1842] Bitgen Completed Successfully.
INFO: [Project 1-120] WebTalk data collection is mandatory when using a WebPACK part without a full Vivado license. To see the specific WebTalk data collected for your design, open the usage_statistics_webtalk.html or usage_statistics_webtalk.xml file in the implementation directory.
INFO: [Common 17-186] '/var/repo/ECE238/Lab0/LAB0A/LAB0A.runs/impl_1/usage_statistics_webtalk.xml' has been successfully sent to Xilinx on Thu Jan 28 17:09:48 2021. For additional details about this file, please refer to the WebTalk help file at /var/repo/Repo/vivado/pkg/vivado/opt/Xilinx/Vivado/2020.2/doc/webtalk_introduction.html.
INFO: [Common 17-83] Releasing license: Implementation
21 Infos, 1 Warnings, 0 Critical Warnings and 0 Errors encountered.
write_bitstream completed successfully
write_bitstream: Time (s): cpu = 00:00:10 ; elapsed = 00:00:23 . Memory (MB): peak = 2923.398 ; gain = 469.891 ; free physical = 493 ; free virtual = 4686
INFO: [Common 17-206] Exiting Vivado at Thu Jan 28 17:09:48 2021...
